2025-03-04 13:50:18.683 [info] [main] Log level: Info
2025-03-04 13:50:18.683 [info] [main] Validating found git in: "git"
2025-03-04 13:50:18.683 [info] [main] Using git "2.48.1" from "git"
2025-03-04 13:50:18.683 [info] [Model][doInitialScan] Initial repository scan started
2025-03-04 13:50:18.683 [info] > git rev-parse --show-toplevel [1ms]
2025-03-04 13:50:18.683 [info] fatal: not a git repository (or any parent up to mount point /)
Stopping at filesystem boundary (GIT_DISCOVERY_ACROSS_FILESYSTEM not set).
2025-03-04 13:50:18.683 [info] > git rev-parse --show-toplevel [1ms]
2025-03-04 13:50:18.683 [info] fatal: not a git repository (or any parent up to mount point /)
Stopping at filesystem boundary (GIT_DISCOVERY_ACROSS_FILESYSTEM not set).
2025-03-04 13:50:18.688 [info] > git rev-parse --show-toplevel [1ms]
2025-03-04 13:50:18.688 [info] fatal: not a git repository (or any parent up to mount point /)
Stopping at filesystem boundary (GIT_DISCOVERY_ACROSS_FILESYSTEM not set).
2025-03-04 13:50:18.694 [info] > git rev-parse --show-toplevel [2ms]
2025-03-04 13:50:18.694 [info] fatal: not a git repository (or any parent up to mount point /)
Stopping at filesystem boundary (GIT_DISCOVERY_ACROSS_FILESYSTEM not set).
2025-03-04 13:50:18.694 [info] [Model][doInitialScan] Initial repository scan completed - repositories (0), closed repositories (0), parent repositories (0), unsafe repositories (0)
2025-03-04 13:50:19.642 [info] > git rev-parse --show-toplevel [41ms]
2025-03-04 13:50:19.642 [info] fatal: not a git repository (or any parent up to mount point /)
Stopping at filesystem boundary (GIT_DISCOVERY_ACROSS_FILESYSTEM not set).
2025-03-04 13:50:19.938 [info] > git rev-parse --show-toplevel [37ms]
2025-03-04 13:50:19.938 [info] fatal: not a git repository (or any parent up to mount point /)
Stopping at filesystem boundary (GIT_DISCOVERY_ACROSS_FILESYSTEM not set).
2025-03-04 13:50:21.312 [info] > git rev-parse --show-toplevel [1ms]
2025-03-04 13:50:21.312 [info] fatal: not a git repository (or any parent up to mount point /)
Stopping at filesystem boundary (GIT_DISCOVERY_ACROSS_FILESYSTEM not set).
