2025-03-04 15:20:51.978 [info] [main] Log level: Info
2025-03-04 15:20:51.978 [info] [main] Validating found git in: "git"
2025-03-04 15:20:51.978 [info] [main] Using git "2.48.1" from "git"
2025-03-04 15:20:51.978 [info] [Model][doInitialScan] Initial repository scan started
2025-03-04 15:20:51.978 [info] > git rev-parse --show-toplevel [2ms]
2025-03-04 15:20:51.978 [info] fatal: not a git repository (or any parent up to mount point /)
Stopping at filesystem boundary (GIT_DISCOVERY_ACROSS_FILESYSTEM not set).
2025-03-04 15:20:51.979 [info] > git rev-parse --show-toplevel [2ms]
2025-03-04 15:20:51.979 [info] fatal: not a git repository (or any parent up to mount point /)
Stopping at filesystem boundary (GIT_DISCOVERY_ACROSS_FILESYSTEM not set).
2025-03-04 15:20:51.985 [info] > git rev-parse --show-toplevel [1ms]
2025-03-04 15:20:51.985 [info] fatal: not a git repository (or any parent up to mount point /)
Stopping at filesystem boundary (GIT_DISCOVERY_ACROSS_FILESYSTEM not set).
2025-03-04 15:20:51.990 [info] > git rev-parse --show-toplevel [1ms]
2025-03-04 15:20:51.990 [info] fatal: not a git repository (or any parent up to mount point /)
Stopping at filesystem boundary (GIT_DISCOVERY_ACROSS_FILESYSTEM not set).
2025-03-04 15:20:51.990 [info] [Model][doInitialScan] Initial repository scan completed - repositories (0), closed repositories (0), parent repositories (0), unsafe repositories (0)
2025-03-04 15:20:52.864 [info] > git rev-parse --show-toplevel [57ms]
2025-03-04 15:20:52.864 [info] fatal: not a git repository (or any parent up to mount point /)
Stopping at filesystem boundary (GIT_DISCOVERY_ACROSS_FILESYSTEM not set).
2025-03-04 15:20:53.157 [info] > git rev-parse --show-toplevel [14ms]
2025-03-04 15:20:53.157 [info] fatal: not a git repository (or any parent up to mount point /)
Stopping at filesystem boundary (GIT_DISCOVERY_ACROSS_FILESYSTEM not set).
2025-03-04 15:20:54.596 [info] > git rev-parse --show-toplevel [2ms]
2025-03-04 15:20:54.596 [info] fatal: not a git repository (or any parent up to mount point /)
Stopping at filesystem boundary (GIT_DISCOVERY_ACROSS_FILESYSTEM not set).
