2025-03-19 12:43:18.964 [info] Extension host with pid 39252 started
2025-03-19 12:43:18.964 [info] Skipping acquiring lock for /home/bartosh/.config/Code - OSS/User/workspaceStorage/3c356c74365a5d6292f2b69356900c36.
2025-03-19 12:43:19.125 [info] ExtensionService#_doActivateExtension vscode.emmet, startup: false, activationEvent: 'onLanguage'
2025-03-19 12:43:19.183 [info] ExtensionService#_doActivateExtension ms-python.python, startup: false, activationEvent: 'onLanguage:python', root cause: ms-python.debugpy
2025-03-19 12:43:19.715 [info] ExtensionService#_doActivateExtension ms-toolsai.jupyter, startup: false, activationEvent: 'onLanguage:python'
2025-03-19 12:43:20.517 [info] ExtensionService#_doActivateExtension ms-toolsai.jupyter-renderers, startup: false, activationEvent: 'api', root cause: ms-toolsai.jupyter
2025-03-19 12:43:20.525 [info] ExtensionService#_doActivateExtension vscode.git-base, startup: true, activationEvent: '*', root cause: vscode.git
2025-03-19 12:43:20.648 [info] ExtensionService#_doActivateExtension vscode.git, startup: true, activationEvent: '*'
2025-03-19 12:43:20.831 [info] ExtensionService#_doActivateExtension vscode.github, startup: true, activationEvent: '*'
2025-03-19 12:43:20.882 [info] ExtensionService#_doActivateExtension ms-python.debugpy, startup: false, activationEvent: 'onLanguage:python'
2025-03-19 12:43:21.016 [error] Activating extension ms-python.debugpy failed due to an error:
2025-03-19 12:43:21.016 [error] Error: Extension 'ms-python.debugpy' CANNOT use API proposal: portsAttributes.
Its package.json#enabledApiProposals-property declares:  but NOT portsAttributes.
 The missing proposal MUST be added and you must start in extension development mode or use the following command line switch: --enable-proposed-api ms-python.debugpy
	at N (file:///usr/lib/code/out/vs/workbench/api/node/extensionHostProcess.js:106:19035)
	at Object.registerPortAttributesProvider (file:///usr/lib/code/out/vs/workbench/api/node/extensionHostProcess.js:172:55709)
	at t.registerDebugger (/home/bartosh/.vscode-oss/extensions/ms-python.debugpy-2025.4.1-linux-x64/dist/extension.js:2:846581)
	at e.activate (/home/bartosh/.vscode-oss/extensions/ms-python.debugpy-2025.4.1-linux-x64/dist/extension.js:2:1098040)
	at Ww.kb (file:///usr/lib/code/out/vs/workbench/api/node/extensionHostProcess.js:116:15216)
	at Ww.jb (file:///usr/lib/code/out/vs/workbench/api/node/extensionHostProcess.js:116:14923)
	at file:///usr/lib/code/out/vs/workbench/api/node/extensionHostProcess.js:116:13081
	at async pw.n (file:///usr/lib/code/out/vs/workbench/api/node/extensionHostProcess.js:112:13415)
	at async pw.m (file:///usr/lib/code/out/vs/workbench/api/node/extensionHostProcess.js:112:13378)
	at async pw.l (file:///usr/lib/code/out/vs/workbench/api/node/extensionHostProcess.js:112:12834)
2025-03-19 12:43:21.076 [info] Eager extensions activated
2025-03-19 12:43:21.114 [info] ExtensionService#_doActivateExtension vscode.debug-auto-launch, startup: false, activationEvent: 'onStartupFinished'
2025-03-19 12:43:21.119 [info] ExtensionService#_doActivateExtension vscode.merge-conflict, startup: false, activationEvent: 'onStartupFinished'
2025-03-19 12:43:22.191 [error] Error: Extension 'ms-python.python' CANNOT use API proposal: testObserver.
Its package.json#enabledApiProposals-property declares:  but NOT testObserver.
 The missing proposal MUST be added and you must start in extension development mode or use the following command line switch: --enable-proposed-api ms-python.python
	at N (file:///usr/lib/code/out/vs/workbench/api/node/extensionHostProcess.js:106:19035)
	at get testResults (file:///usr/lib/code/out/vs/workbench/api/node/extensionHostProcess.js:172:39547)
	at C.activate (/home/bartosh/.vscode-oss/extensions/ms-python.python-2025.2.0-universal/out/client/extension.js:2:908493)
	at /home/bartosh/.vscode-oss/extensions/ms-python.python-2025.2.0-universal/out/client/extension.js:2:2457
	at Array.map (<anonymous>)
	at v.activateWorkspace (/home/bartosh/.vscode-oss/extensions/ms-python.python-2025.2.0-universal/out/client/extension.js:2:2447)
2025-03-19 12:45:12.949 [info] ExtensionService#_doActivateExtension vscode.npm, startup: false, activationEvent: 'onTerminalQuickFixRequest:ms-vscode.npm-command'
