2025-03-13 11:37:27.188 [info] [main] Log level: Info
2025-03-13 11:37:27.188 [info] [main] Validating found git in: "git"
2025-03-13 11:37:27.188 [info] [main] Using git "2.48.1" from "git"
2025-03-13 11:37:27.188 [info] [Model][doInitialScan] Initial repository scan started
2025-03-13 11:37:27.188 [info] > git rev-parse --show-toplevel [26ms]
2025-03-13 11:37:27.188 [info] > git rev-parse --show-toplevel [8ms]
2025-03-13 11:37:27.223 [info] > git rev-parse --show-toplevel [3ms]
2025-03-13 11:37:27.228 [info] [Model][doInitialScan] Initial repository scan completed - repositories (0), closed repositories (0), parent repositories (1), unsafe repositories (0)
2025-03-13 11:37:27.529 [info] > git rev-parse --show-toplevel [8ms]
2025-03-13 11:37:27.994 [info] > git rev-parse --show-toplevel [4ms]
2025-03-13 11:37:44.022 [info] [main] Log level: Info
2025-03-13 11:37:44.022 [info] [main] Validating found git in: "git"
2025-03-13 11:37:44.022 [info] [main] Using git "2.48.1" from "git"
2025-03-13 11:37:44.022 [info] [Model][doInitialScan] Initial repository scan started
2025-03-13 11:37:44.022 [info] > git rev-parse --show-toplevel [32ms]
2025-03-13 11:37:44.022 [info] fatal: not a git repository (or any parent up to mount point /)
Stopping at filesystem boundary (GIT_DISCOVERY_ACROSS_FILESYSTEM not set).
2025-03-13 11:37:44.022 [info] [Model][doInitialScan] Initial repository scan completed - repositories (0), closed repositories (0), parent repositories (0), unsafe repositories (0)
2025-03-13 11:37:45.517 [info] > git rev-parse --show-toplevel [1ms]
2025-03-13 11:37:45.517 [info] fatal: not a git repository (or any parent up to mount point /)
Stopping at filesystem boundary (GIT_DISCOVERY_ACROSS_FILESYSTEM not set).
2025-03-13 11:37:47.647 [info] > git rev-parse --show-toplevel [2ms]
2025-03-13 11:37:47.647 [info] fatal: not a git repository (or any parent up to mount point /)
Stopping at filesystem boundary (GIT_DISCOVERY_ACROSS_FILESYSTEM not set).
