Code - OSS (1.97.2, undefined, desktop)
Jupyter Extension Version: 2025.1.0.
Python Extension Version: 2025.0.0.
Pylance Extension not installed.
Platform: linux (x64).
Temp Storage folder ~/.config/Code - OSS/User/globalStorage/ms-toolsai.jupyter/version-2025.1.0
Workspace folder ~/programowanie, Home = /home/bartosh
15:20:52.919 [info] Starting Kernel (SageMath 10.5) for '~/programowanie/pythonowa_nauka/matma_sage.ipynb' (disableUI=true)
15:20:53.198 [info] Launching Raw Kernel SageMath 10.5 # /usr/bin/sage
15:20:53.206 [info] Process Execution: /usr/bin/sage --python -m sage.repl.ipython_kernel -f /home/~/.local/share/jupyter/runtime/kernel-v30d4491dc8f9eeeeb5500990a444c574f3affaf5b.json
    > cwd: ~/programowanie/pythonowa_nauka
15:20:55.077 [warn] Kernel completions not enabled for 'SageMath 10.5'. 
To enable Kernel completion for this language please add the following setting 
jupyter.completionTriggerCharacters = {sage: [<List of characters that will trigger completions>]}. 
For more information please see https://aka.ms/vscodeJupyterCompletion
15:20:55.079 [info] Kernel successfully started
15:20:55.079 [warn] No nbextensions folder found for kernel .sagemath./usr/bin/sage././usr/bin/sage#--python#-m#sage.repl.ipython_kernel#-f#{connection_file}
15:20:59.699 [warn] Cell completed with errors [su [Error]: Matplotlib requires either xelatex, lualatex, or pdflatex.
	at n.execute (/home/~/.vscode-oss/extensions/ms-toolsai.jupyter-2025.1.0-universal/dist/extension.node.js:297:4958)] {
  ename: 'ValueError',
  evalue: 'Matplotlib requires either xelatex, lualatex, or pdflatex.',
  traceback: [
    '\x1B[0;31m---------------------------------------------------------------------------\x1B[0m',
    '\x1B[0;31mValueError\x1B[0m                                Traceback (most recent call last)',
    'Cell \x1B[0;32mIn[1], line 9\x1B[0m\n' +
      "\x1B[1;32m      6\x1B[0m xD \x1B[38;5;241m=\x1B[39m RealNumber(\x1B[38;5;124m'\x1B[39m\x1B[38;5;124m15.8\x1B[39m\x1B[38;5;124m'\x1B[39m)\n" +
      '\x1B[1;32m      7\x1B[0m xE \x1B[38;5;241m=\x1B[39m \x1B[38;5;241m-\x1B[39m(t \x1B[38;5;241m+\x1B[39m Integer(\x1B[38;5;241m2\x1B[39m))\x1B[38;5;241m*\x1B[39m\x1B[38;5;241m*\x1B[39mInteger(\x1B[38;5;241m2\x1B[39m) \x1B[38;5;241m+\x1B[39m Integer(\x1B[38;5;241m3\x1B[39m) \x1B[38;5;241m*\x1B[39m t \x1B[38;5;241m+\x1B[39m Integer(\x1B[38;5;241m36\x1B[39m)\n' +
      '\x1B[0;32m----> 9\x1B[0m \x1B[43mshow\x1B[49m\x1B[43m(\x1B[49m\n' +
      `\x1B[1;32m     10\x1B[0m \x1B[43mplot\x1B[49m\x1B[43m(\x1B[49m\x1B[43mxA\x1B[49m\x1B[43m,\x1B[49m\x1B[43m \x1B[49m\x1B[43mt\x1B[49m\x1B[43m,\x1B[49m\x1B[43m \x1B[49m\x1B[38;5;241;43m-\x1B[39;49m\x1B[43mInteger\x1B[49m\x1B[43m(\x1B[49m\x1B[38;5;241;43m1\x1B[39;49m\x1B[43m)\x1B[49m\x1B[43m,\x1B[49m\x1B[43m \x1B[49m\x1B[43mInteger\x1B[49m\x1B[43m(\x1B[49m\x1B[38;5;241;43m10\x1B[39;49m\x1B[43m)\x1B[49m\x1B[43m,\x1B[49m\x1B[43m \x1B[49m\x1B[43mymax\x1B[49m\x1B[38;5;241;43m=\x1B[39;49m\x1B[43mInteger\x1B[49m\x1B[43m(\x1B[49m\x1B[38;5;241;43m40\x1B[39;49m\x1B[43m)\x1B[49m\x1B[43m,\x1B[49m\x1B[43m \x1B[49m\x1B[43mymin\x1B[49m\x1B[38;5;241;43m=\x1B[39;49m\x1B[38;5;241;43m-\x1B[39;49m\x1B[43mInteger\x1B[49m\x1B[43m(\x1B[49m\x1B[38;5;241;43m20\x1B[39;49m\x1B[43m)\x1B[49m\x1B[43m,\x1B[49m\x1B[43m \x1B[49m\x1B[43maxes_labels\x1B[49m\x1B[38;5;241;43m=\x1B[39;49m\x1B[43m[\x1B[49m\x1B[38;5;124;43m'\x1B[39;49m\x1B[38;5;124;43m$t[h]$\x1B[39;49m\x1B[38;5;124;43m'\x1B[39;49m\x1B[43m,\x1B[49m\x1B[43m \x1B[49m\x1B[38;5;124;43m'\x1B[39;49m\x1B[38;5;124;43m$x[km]$\x1B[39;49m\x1B[38;5;124;43m'\x1B[39;49m\x1B[43m]\x1B[49m\x1B[43m,\x1B[49m\x1B[43m \x1B[49m\x1B[43mfigsize\x1B[49m\x1B[43m \x1B[49m\x1B[38;5;241;43m=\x1B[39;49m\x1B[43m \x1B[49m\x1B[43mInteger\x1B[49m\x1B[43m(\x1B[49m\x1B[38;5;241;43m10\x1B[39;49m\x1B[43m)\x1B[49m\x1B[43m,\x1B[49m\x1B[43m \x1B[49m\x1B[43mlegend_label\x1B[49m\x1B[38;5;241;43m=\x1B[39;49m\x1B[38;5;124;43m"\x1B[39;49m\x1B[38;5;124;43mAnia\x1B[39;49m\x1B[38;5;124;43m"\x1B[39;49m\x1B[43m,\x1B[49m\x1B[43m \x1B[49m\x1B[43mcolor\x1B[49m\x1B[38;5;241;43m=\x1B[39;49m\x1B[38;5;124;43m"\x1B[39;49m\x1B[38;5;124;43mred\x1B[39;49m\x1B[38;5;124;43m"\x1B[39;49m\x1B[43m)\x1B[49m\x1B[43m \x1B[49m\x1B[38;5;241;43m+\x1B[39;49m\x1B[43m \x1B[49m\n` +
      `\x1B[1;32m     11\x1B[0m \x1B[43mplot\x1B[49m\x1B[43m(\x1B[49m\x1B[43mxB\x1B[49m\x1B[43m,\x1B[49m\x1B[43m \x1B[49m\x1B[43mt\x1B[49m\x1B[43m,\x1B[49m\x1B[43m \x1B[49m\x1B[38;5;241;43m-\x1B[39;49m\x1B[43mInteger\x1B[49m\x1B[43m(\x1B[49m\x1B[38;5;241;43m1\x1B[39;49m\x1B[43m)\x1B[49m\x1B[43m,\x1B[49m\x1B[43m \x1B[49m\x1B[43mInteger\x1B[49m\x1B[43m(\x1B[49m\x1B[38;5;241;43m10\x1B[39;49m\x1B[43m)\x1B[49m\x1B[43m,\x1B[49m\x1B[43m \x1B[49m\x1B[43mymax\x1B[49m\x1B[38;5;241;43m=\x1B[39;49m\x1B[43mInteger\x1B[49m\x1B[43m(\x1B[49m\x1B[38;5;241;43m40\x1B[39;49m\x1B[43m)\x1B[49m\x1B[43m,\x1B[49m\x1B[43m \x1B[49m\x1B[43mymin\x1B[49m\x1B[38;5;241;43m=\x1B[39;49m\x1B[38;5;241;43m-\x1B[39;49m\x1B[43mInteger\x1B[49m\x1B[43m(\x1B[49m\x1B[38;5;241;43m20\x1B[39;49m\x1B[43m)\x1B[49m\x1B[43m,\x1B[49m\x1B[43m \x1B[49m\x1B[43maxes_labels\x1B[49m\x1B[38;5;241;43m=\x1B[39;49m\x1B[43m[\x1B[49m\x1B[38;5;124;43m'\x1B[39;49m\x1B[38;5;124;43m$t[h]$\x1B[39;49m\x1B[38;5;124;43m'\x1B[39;49m\x1B[43m,\x1B[49m\x1B[43m \x1B[49m\x1B[38;5;124;43m'\x1B[39;49m\x1B[38;5;124;43m$x[km]$\x1B[39;49m\x1B[38;5;124;43m'\x1B[39;49m\x1B[43m]\x1B[49m\x1B[43m,\x1B[49m\x1B[43m \x1B[49m\x1B[43mfigsize\x1B[49m\x1B[43m \x1B[49m\x1B[38;5;241;43m=\x1B[39;49m\x1B[43m \x1B[49m\x1B[43mInteger\x1B[49m\x1B[43m(\x1B[49m\x1B[38;5;241;43m10\x1B[39;49m\x1B[43m)\x1B[49m\x1B[43m,\x1B[49m\x1B[43m \x1B[49m\x1B[43mlegend_label\x1B[49m\x1B[38;5;241;43m=\x1B[39;49m\x1B[38;5;124;43m"\x1B[39;49m\x1B[38;5;124;43mBasia\x1B[39;49m\x1B[38;5;124;43m"\x1B[39;49m\x1B[43m,\x1B[49m\x1B[43m \x1B[49m\x1B[43mcolor\x1B[49m\x1B[38;5;241;43m=\x1B[39;49m\x1B[38;5;124;43m"\x1B[39;49m\x1B[38;5;124;43mblue\x1B[39;49m\x1B[38;5;124;43m"\x1B[39;49m\x1B[43m)\x1B[49m\x1B[43m \x1B[49m\x1B[38;5;241;43m+\x1B[39;49m\x1B[43m \x1B[49m\n` +
      `\x1B[1;32m     12\x1B[0m \x1B[43mplot\x1B[49m\x1B[43m(\x1B[49m\x1B[43mxC\x1B[49m\x1B[43m,\x1B[49m\x1B[43m \x1B[49m\x1B[43mt\x1B[49m\x1B[43m,\x1B[49m\x1B[43m \x1B[49m\x1B[38;5;241;43m-\x1B[39;49m\x1B[43mInteger\x1B[49m\x1B[43m(\x1B[49m\x1B[38;5;241;43m1\x1B[39;49m\x1B[43m)\x1B[49m\x1B[43m,\x1B[49m\x1B[43m \x1B[49m\x1B[43mInteger\x1B[49m\x1B[43m(\x1B[49m\x1B[38;5;241;43m10\x1B[39;49m\x1B[43m)\x1B[49m\x1B[43m,\x1B[49m\x1B[43m \x1B[49m\x1B[43mymax\x1B[49m\x1B[38;5;241;43m=\x1B[39;49m\x1B[43mInteger\x1B[49m\x1B[43m(\x1B[49m\x1B[38;5;241;43m40\x1B[39;49m\x1B[43m)\x1B[49m\x1B[43m,\x1B[49m\x1B[43m \x1B[49m\x1B[43mymin\x1B[49m\x1B[38;5;241;43m=\x1B[39;49m\x1B[38;5;241;43m-\x1B[39;49m\x1B[43mInteger\x1B[49m\x1B[43m(\x1B[49m\x1B[38;5;241;43m20\x1B[39;49m\x1B[43m)\x1B[49m\x1B[43m,\x1B[49m\x1B[43m \x1B[49m\x1B[43maxes_labels\x1B[49m\x1B[38;5;241;43m=\x1B[39;49m\x1B[43m[\x1B[49m\x1B[38;5;124;43m'\x1B[39;49m\x1B[38;5;124;43m$t[h]$\x1B[39;49m\x1B[38;5;124;43m'\x1B[39;49m\x1B[43m,\x1B[49m\x1B[43m \x1B[49m\x1B[38;5;124;43m'\x1B[39;49m\x1B[38;5;124;43m$x[km]$\x1B[39;49m\x1B[38;5;124;43m'\x1B[39;49m\x1B[43m]\x1B[49m\x1B[43m,\x1B[49m\x1B[43m \x1B[49m\x1B[43mfigsize\x1B[49m\x1B[43m \x1B[49m\x1B[38;5;241;43m=\x1B[39;49m\x1B[43m \x1B[49m\x1B[43mInteger\x1B[49m\x1B[43m(\x1B[49m\x1B[38;5;241;43m10\x1B[39;49m\x1B[43m)\x1B[49m\x1B[43m,\x1B[49m\x1B[43m \x1B[49m\x1B[43mlegend_label\x1B[49m\x1B[38;5;241;43m=\x1B[39;49m\x1B[38;5;124;43m"\x1B[39;49m\x1B[38;5;124;43mCelina\x1B[39;49m\x1B[38;5;124;43m"\x1B[39;49m\x1B[43m,\x1B[49m\x1B[43m \x1B[49m\x1B[43mcolor\x1B[49m\x1B[38;5;241;43m=\x1B[39;49m\x1B[38;5;124;43m"\x1B[39;49m\x1B[38;5;124;43morange\x1B[39;49m\x1B[38;5;124;43m"\x1B[39;49m\x1B[43m)\x1B[49m\x1B[43m \x1B[49m\x1B[38;5;241;43m+\x1B[39;49m\x1B[43m \x1B[49m\n` +
      `\x1B[1;32m     13\x1B[0m \x1B[43mplot\x1B[49m\x1B[43m(\x1B[49m\x1B[43mxD\x1B[49m\x1B[43m,\x1B[49m\x1B[43m \x1B[49m\x1B[43mt\x1B[49m\x1B[43m,\x1B[49m\x1B[43m \x1B[49m\x1B[38;5;241;43m-\x1B[39;49m\x1B[43mInteger\x1B[49m\x1B[43m(\x1B[49m\x1B[38;5;241;43m1\x1B[39;49m\x1B[43m)\x1B[49m\x1B[43m,\x1B[49m\x1B[43m \x1B[49m\x1B[43mInteger\x1B[49m\x1B[43m(\x1B[49m\x1B[38;5;241;43m10\x1B[39;49m\x1B[43m)\x1B[49m\x1B[43m,\x1B[49m\x1B[43m \x1B[49m\x1B[43mymax\x1B[49m\x1B[38;5;241;43m=\x1B[39;49m\x1B[43mInteger\x1B[49m\x1B[43m(\x1B[49m\x1B[38;5;241;43m40\x1B[39;49m\x1B[43m)\x1B[49m\x1B[43m,\x1B[49m\x1B[43m \x1B[49m\x1B[43mymin\x1B[49m\x1B[38;5;241;43m=\x1B[39;49m\x1B[38;5;241;43m-\x1B[39;49m\x1B[43mInteger\x1B[49m\x1B[43m(\x1B[49m\x1B[38;5;241;43m20\x1B[39;49m\x1B[43m)\x1B[49m\x1B[43m,\x1B[49m\x1B[43m \x1B[49m\x1B[43maxes_labels\x1B[49m\x1B[38;5;241;43m=\x1B[39;49m\x1B[43m[\x1B[49m\x1B[38;5;124;43m'\x1B[39;49m\x1B[38;5;124;43m$t[h]$\x1B[39;49m\x1B[38;5;124;43m'\x1B[39;49m\x1B[43m,\x1B[49m\x1B[43m \x1B[49m\x1B[38;5;124;43m'\x1B[39;49m\x1B[38;5;124;43m$x[km]$\x1B[39;49m\x1B[38;5;124;43m'\x1B[39;49m\x1B[43m]\x1B[49m\x1B[43m,\x1B[49m\x1B[43m \x1B[49m\x1B[43mfigsize\x1B[49m\x1B[43m \x1B[49m\x1B[38;5;241;43m=\x1B[39;49m\x1B[43m \x1B[49m\x1B[43mInteger\x1B[49m\x1B[43m(\x1B[49m\x1B[38;5;241;43m10\x1B[39;49m\x1B[43m)\x1B[49m\x1B[43m,\x1B[49m\x1B[43m \x1B[49m\x1B[43mlegend_label\x1B[49m\x1B[38;5;241;43m=\x1B[39;49m\x1B[38;5;124;43m"\x1B[39;49m\x1B[38;5;124;43mDarek\x1B[39;49m\x1B[38;5;124;43m"\x1B[39;49m\x1B[43m,\x1B[49m\x1B[43m \x1B[49m\x1B[43mcolor\x1B[49m\x1B[38;5;241;43m=\x1B[39;49m\x1B[38;5;124;43m"\x1B[39;49m\x1B[38;5;124;43mmagenta\x1B[39;49m\x1B[38;5;124;43m"\x1B[39;49m\x1B[43m)\x1B[49m\x1B[43m \x1B[49m\x1B[38;5;241;43m+\x1B[39;49m\x1B[43m \x1B[49m\n` +
      `\x1B[1;32m     14\x1B[0m \x1B[43mplot\x1B[49m\x1B[43m(\x1B[49m\x1B[43mxE\x1B[49m\x1B[43m,\x1B[49m\x1B[43m \x1B[49m\x1B[43mt\x1B[49m\x1B[43m,\x1B[49m\x1B[43m \x1B[49m\x1B[38;5;241;43m-\x1B[39;49m\x1B[43mInteger\x1B[49m\x1B[43m(\x1B[49m\x1B[38;5;241;43m1\x1B[39;49m\x1B[43m)\x1B[49m\x1B[43m,\x1B[49m\x1B[43m \x1B[49m\x1B[43mInteger\x1B[49m\x1B[43m(\x1B[49m\x1B[38;5;241;43m10\x1B[39;49m\x1B[43m)\x1B[49m\x1B[43m,\x1B[49m\x1B[43m \x1B[49m\x1B[43mymax\x1B[49m\x1B[38;5;241;43m=\x1B[39;49m\x1B[43mInteger\x1B[49m\x1B[43m(\x1B[49m\x1B[38;5;241;43m40\x1B[39;49m\x1B[43m)\x1B[49m\x1B[43m,\x1B[49m\x1B[43m \x1B[49m\x1B[43mymin\x1B[49m\x1B[38;5;241;43m=\x1B[39;49m\x1B[38;5;241;43m-\x1B[39;49m\x1B[43mInteger\x1B[49m\x1B[43m(\x1B[49m\x1B[38;5;241;43m20\x1B[39;49m\x1B[43m)\x1B[49m\x1B[43m,\x1B[49m\x1B[43m \x1B[49m\x1B[43maxes_labels\x1B[49m\x1B[38;5;241;43m=\x1B[39;49m\x1B[43m[\x1B[49m\x1B[38;5;124;43m'\x1B[39;49m\x1B[38;5;124;43m$t[h]$\x1B[39;49m\x1B[38;5;124;43m'\x1B[39;49m\x1B[43m,\x1B[49m\x1B[43m \x1B[49m\x1B[38;5;124;43m'\x1B[39;49m\x1B[38;5;124;43m$x[km]$\x1B[39;49m\x1B[38;5;124;43m'\x1B[39;49m\x1B[43m]\x1B[49m\x1B[43m,\x1B[49m\x1B[43m \x1B[49m\x1B[43mfigsize\x1B[49m\x1B[43m \x1B[49m\x1B[38;5;241;43m=\x1B[39;49m\x1B[43m \x1B[49m\x1B[43mInteger\x1B[49m\x1B[43m(\x1B[49m\x1B[38;5;241;43m10\x1B[39;49m\x1B[43m)\x1B[49m\x1B[43m,\x1B[49m\x1B[43m \x1B[49m\x1B[43mlegend_label\x1B[49m\x1B[38;5;241;43m=\x1B[39;49m\x1B[38;5;124;43m"\x1B[39;49m\x1B[38;5;124;43mEmil\x1B[39;49m\x1B[38;5;124;43m"\x1B[39;49m\x1B[43m,\x1B[49m\x1B[43m \x1B[49m\x1B[43mcolor\x1B[49m\x1B[38;5;241;43m=\x1B[39;49m\x1B[38;5;124;43m"\x1B[39;49m\x1B[38;5;124;43mgreen\x1B[39;49m\x1B[38;5;124;43m"\x1B[39;49m\x1B[43m)\x1B[49m\x1B[43m \x1B[49m\x1B[38;5;241;43m+\x1B[39;49m\n` +
      "\x1B[1;32m     15\x1B[0m \x1B[43mpoint\x1B[49m\x1B[43m(\x1B[49m\x1B[43m(\x1B[49m\x1B[43mInteger\x1B[49m\x1B[43m(\x1B[49m\x1B[38;5;241;43m0\x1B[39;49m\x1B[43m)\x1B[49m\x1B[43m,\x1B[49m\x1B[43m \x1B[49m\x1B[43mInteger\x1B[49m\x1B[43m(\x1B[49m\x1B[38;5;241;43m0\x1B[39;49m\x1B[43m)\x1B[49m\x1B[43m)\x1B[49m\x1B[43m,\x1B[49m\x1B[43m \x1B[49m\x1B[43msize\x1B[49m\x1B[43m \x1B[49m\x1B[38;5;241;43m=\x1B[39;49m\x1B[43m \x1B[49m\x1B[43mInteger\x1B[49m\x1B[43m(\x1B[49m\x1B[38;5;241;43m25\x1B[39;49m\x1B[43m)\x1B[49m\x1B[43m,\x1B[49m\x1B[43m \x1B[49m\x1B[43mcolor\x1B[49m\x1B[43m \x1B[49m\x1B[38;5;241;43m=\x1B[39;49m\x1B[43m \x1B[49m\x1B[38;5;124;43m'\x1B[39;49m\x1B[38;5;124;43mblue\x1B[39;49m\x1B[38;5;124;43m'\x1B[39;49m\x1B[43m,\x1B[49m\x1B[43m \x1B[49m\x1B[43mlegend_label\x1B[49m\x1B[38;5;241;43m=\x1B[39;49m\x1B[38;5;124;43m'\x1B[39;49m\x1B[38;5;124;43msklep\x1B[39;49m\x1B[38;5;124;43m'\x1B[39;49m\x1B[43m)\x1B[49m\x1B[43m \x1B[49m\x1B[38;5;241;43m+\x1B[39;49m\n" +
      "\x1B[1;32m     16\x1B[0m \x1B[43mpoint\x1B[49m\x1B[43m(\x1B[49m\x1B[43m(\x1B[49m\x1B[43mInteger\x1B[49m\x1B[43m(\x1B[49m\x1B[38;5;241;43m0\x1B[39;49m\x1B[43m)\x1B[49m\x1B[43m,\x1B[49m\x1B[43m \x1B[49m\x1B[43mRealNumber\x1B[49m\x1B[43m(\x1B[49m\x1B[38;5;124;43m'\x1B[39;49m\x1B[38;5;124;43m2.4\x1B[39;49m\x1B[38;5;124;43m'\x1B[39;49m\x1B[43m)\x1B[49m\x1B[43m)\x1B[49m\x1B[43m,\x1B[49m\x1B[43m \x1B[49m\x1B[43msize\x1B[49m\x1B[43m \x1B[49m\x1B[38;5;241;43m=\x1B[39;49m\x1B[43m \x1B[49m\x1B[43mInteger\x1B[49m\x1B[43m(\x1B[49m\x1B[38;5;241;43m25\x1B[39;49m\x1B[43m)\x1B[49m\x1B[43m,\x1B[49m\x1B[43m \x1B[49m\x1B[43mcolor\x1B[49m\x1B[43m \x1B[49m\x1B[38;5;241;43m=\x1B[39;49m\x1B[43m \x1B[49m\x1B[38;5;124;43m'\x1B[39;49m\x1B[38;5;124;43morange\x1B[39;49m\x1B[38;5;124;43m'\x1B[39;49m\x1B[43m,\x1B[49m\x1B[43m \x1B[49m\x1B[43mlegend_label\x1B[49m\x1B[38;5;241;43m=\x1B[39;49m\x1B[38;5;124;43m'\x1B[39;49m\x1B[38;5;124;43mścianka wspinaczkowa\x1B[39;49m\x1B[38;5;124;43m'\x1B[39;49m\x1B[43m)\x1B[49m\x1B[43m \x1B[49m\x1B[38;5;241;43m+\x1B[39;49m\n" +
      "\x1B[1;32m     17\x1B[0m \x1B[43mpoint\x1B[49m\x1B[43m(\x1B[49m\x1B[43m(\x1B[49m\x1B[43mInteger\x1B[49m\x1B[43m(\x1B[49m\x1B[38;5;241;43m0\x1B[39;49m\x1B[43m)\x1B[49m\x1B[43m,\x1B[49m\x1B[43m \x1B[49m\x1B[43mRealNumber\x1B[49m\x1B[43m(\x1B[49m\x1B[38;5;124;43m'\x1B[39;49m\x1B[38;5;124;43m15.8\x1B[39;49m\x1B[38;5;124;43m'\x1B[39;49m\x1B[43m)\x1B[49m\x1B[43m)\x1B[49m\x1B[43m,\x1B[49m\x1B[43m \x1B[49m\x1B[43msize\x1B[49m\x1B[43m \x1B[49m\x1B[38;5;241;43m=\x1B[39;49m\x1B[43m \x1B[49m\x1B[43mInteger\x1B[49m\x1B[43m(\x1B[49m\x1B[38;5;241;43m25\x1B[39;49m\x1B[43m)\x1B[49m\x1B[43m,\x1B[49m\x1B[43m \x1B[49m\x1B[43mcolor\x1B[49m\x1B[43m \x1B[49m\x1B[38;5;241;43m=\x1B[39;49m\x1B[43m \x1B[49m\x1B[38;5;124;43m'\x1B[39;49m\x1B[38;5;124;43mmagenta\x1B[39;49m\x1B[38;5;124;43m'\x1B[39;49m\x1B[43m,\x1B[49m\x1B[43m \x1B[49m\x1B[43mlegend_label\x1B[49m\x1B[38;5;241;43m=\x1B[39;49m\x1B[38;5;124;43m'\x1B[39;49m\x1B[38;5;124;43mkawiarnia\x1B[39;49m\x1B[38;5;124;43m'\x1B[39;49m\x1B[43m)\x1B[49m\x1B[43m \x1B[49m\x1B[38;5;241;43m+\x1B[39;49m\n" +
      "\x1B[1;32m     18\x1B[0m \x1B[43mpoint\x1B[49m\x1B[43m(\x1B[49m\x1B[43m(\x1B[49m\x1B[43mInteger\x1B[49m\x1B[43m(\x1B[49m\x1B[38;5;241;43m0\x1B[39;49m\x1B[43m)\x1B[49m\x1B[43m,\x1B[49m\x1B[43m \x1B[49m\x1B[38;5;241;43m-\x1B[39;49m\x1B[43mInteger\x1B[49m\x1B[43m(\x1B[49m\x1B[38;5;241;43m4\x1B[39;49m\x1B[43m)\x1B[49m\x1B[43m)\x1B[49m\x1B[43m,\x1B[49m\x1B[43m \x1B[49m\x1B[43msize\x1B[49m\x1B[43m \x1B[49m\x1B[38;5;241;43m=\x1B[39;49m\x1B[43m \x1B[49m\x1B[43mInteger\x1B[49m\x1B[43m(\x1B[49m\x1B[38;5;241;43m25\x1B[39;49m\x1B[43m)\x1B[49m\x1B[43m,\x1B[49m\x1B[43m \x1B[49m\x1B[43mcolor\x1B[49m\x1B[43m \x1B[49m\x1B[38;5;241;43m=\x1B[39;49m\x1B[43m \x1B[49m\x1B[38;5;124;43m'\x1B[39;49m\x1B[38;5;124;43mred\x1B[39;49m\x1B[38;5;124;43m'\x1B[39;49m\x1B[43m,\x1B[49m\x1B[43m \x1B[49m\x1B[43mlegend_label\x1B[49m\x1B[38;5;241;43m=\x1B[39;49m\x1B[38;5;124;43m'\x1B[39;49m\x1B[38;5;124;43mserwis rowerowy\x1B[39;49m\x1B[38;5;124;43m'\x1B[39;49m\x1B[43m)\x1B[49m\x1B[43m \x1B[49m\x1B[38;5;241;43m+\x1B[39;49m\n" +
      '\x1B[1;32m     19\x1B[0m \x1B[43mpoint\x1B[49m\x1B[43m(\x1B[49m\x1B[43m(\x1B[49m\x1B[43mInteger\x1B[49m\x1B[43m(\x1B[49m\x1B[38;5;241;43m0\x1B[39;49m\x1B[43m)\x1B[49m\x1B[43m,\x1B[49m\x1B[43m \x1B[49m\x1B[43mInteger\x1B[49m\x1B[43m(\x1B[49m\x1B[38;5;241;43m32\x1B['... 1496 more characters,
    'File \x1B[0;32m/usr/lib/python3.13/site-packages/sage/repl/rich_output/pretty_print.py:339\x1B[0m, in \x1B[0;36mshow\x1B[0;34m(*args, **kwds)\x1B[0m\n' +
      '\x1B[1;32m    337\x1B[0m     args[\x1B[38;5;241m0\x1B[39m]\x1B[38;5;241m.\x1B[39mshow()\n' +
      '\x1B[1;32m    338\x1B[0m     \x1B[38;5;28;01mreturn\x1B[39;00m\n' +
      '\x1B[0;32m--> 339\x1B[0m \x1B[43mpretty_print\x1B[49m\x1B[43m(\x1B[49m\x1B[38;5;241;43m*\x1B[39;49m\x1B[43margs\x1B[49m\x1B[43m,\x1B[49m\x1B[43m \x1B[49m\x1B[38;5;241;43m*\x1B[39;49m\x1B[38;5;241;43m*\x1B[39;49m\x1B[43mkwds\x1B[49m\x1B[43m)\x1B[49m\n',
    'File \x1B[0;32m/usr/lib/python3.13/site-packages/sage/repl/rich_output/pretty_print.py:309\x1B[0m, in \x1B[0;36mpretty_print\x1B[0;34m(*args, **kwds)\x1B[0m\n' +
      '\x1B[1;32m    307\x1B[0m         dm\x1B[38;5;241m.\x1B[39mdisplay_immediately(\x1B[38;5;241m*\x1B[39margs, \x1B[38;5;241m*\x1B[39m\x1B[38;5;241m*\x1B[39mkwds)\n' +
      '\x1B[1;32m    308\x1B[0m     \x1B[38;5;28;01melse\x1B[39;00m:\n' +
      '\x1B[0;32m--> 309\x1B[0m         \x1B[43mSequencePrettyPrinter\x1B[49m\x1B[43m(\x1B[49m\x1B[38;5;241;43m*\x1B[39;49m\x1B[43margs\x1B[49m\x1B[43m,\x1B[49m\x1B[43m \x1B[49m\x1B[38;5;241;43m*\x1B[39;49m\x1B[38;5;241;43m*\x1B[39;49m\x1B[43mkwds\x1B[49m\x1B[43m)\x1B[49m\x1B[38;5;241;43m.\x1B[39;49m\x1B[43mpretty_print\x1B[49m\x1B[43m(\x1B[49m\x1B[43m)\x1B[49m\n' +
      '\x1B[1;32m    310\x1B[0m \x1B[38;5;28;01mfinally\x1B[39;00m:\n' +
      '\x1B[1;32m    311\x1B[0m     dm\x1B[38;5;241m.\x1B[39mpreferences\x1B[38;5;241m.\x1B[39mtext \x1B[38;5;241m=\x1B[39m old_preferences_text\n',
    'File \x1B[0;32m/usr/lib/python3.13/site-packages/sage/repl/rich_output/pretty_print.py:183\x1B[0m, in \x1B[0;36mSequencePrettyPrinter.pretty_print\x1B[0;34m(self)\x1B[0m\n' +
      '\x1B[1;32m    181\x1B[0m     kwds \x1B[38;5;241m=\x1B[39m \x1B[38;5;28mdict\x1B[39m(\x1B[38;5;28mself\x1B[39m\x1B[38;5;241m.\x1B[39mkwds)\n' +
      "\x1B[1;32m    182\x1B[0m     kwds[\x1B[38;5;124m'\x1B[39m\x1B[38;5;124mconcatenate\x1B[39m\x1B[38;5;124m'\x1B[39m] \x1B[38;5;241m=\x1B[39m \x1B[38;5;28;01mTrue\x1B[39;00m\n" +
      '\x1B[0;32m--> 183\x1B[0m \x1B[43mget_display_manager\x1B[49m\x1B[43m(\x1B[49m\x1B[43m)\x1B[49m\x1B[38;5;241;43m.\x1B[39;49m\x1B[43mdisplay_immediately\x1B[49m\x1B[43m(\x1B[49m\x1B[43margs\x1B[49m\x1B[43m,\x1B[49m\x1B[43m \x1B[49m\x1B[38;5;241;43m*\x1B[39;49m\x1B[38;5;241;43m*\x1B[39;49m\x1B[43mkwds\x1B[49m\x1B[43m)\x1B[49m\n',
    'File \x1B[0;32m/usr/lib/python3.13/site-packages/sage/repl/rich_output/display_manager.py:825\x1B[0m, in \x1B[0;36mDisplayManager.display_immediately\x1B[0;34m(self, obj, **rich_repr_kwds)\x1B[0m\n' +
      '\x1B[1;32m    802\x1B[0m \x1B[38;5;28;01mdef\x1B[39;00m\x1B[38;5;250m \x1B[39m\x1B[38;5;21mdisplay_immediately\x1B[39m(\x1B[38;5;28mself\x1B[39m, obj, \x1B[38;5;241m*\x1B[39m\x1B[38;5;241m*\x1B[39mrich_repr_kwds):\n' +
      '\x1B[1;32m    803\x1B[0m \x1B[38;5;250m    \x1B[39m\x1B[38;5;124;03m"""\x1B[39;00m\n' +
      '\x1B[1;32m    804\x1B[0m \x1B[38;5;124;03m    Show output without going back to the command line prompt.\x1B[39;00m\n' +
      '\x1B[1;32m    805\x1B[0m \n' +
      '\x1B[0;32m   (...)\x1B[0m\n' +
      '\x1B[1;32m    823\x1B[0m \x1B[38;5;124;03m        1/2\x1B[39;00m\n' +
      '\x1B[1;32m    824\x1B[0m \x1B[38;5;124;03m    """\x1B[39;00m\n' +
      '\x1B[0;32m--> 825\x1B[0m     plain_text, rich_output \x1B[38;5;241m=\x1B[39m \x1B[38;5;28;43mself\x1B[39;49m\x1B[38;5;241;43m.\x1B[39;49m\x1B[43m_rich_output_formatter\x1B[49m\x1B[43m(\x1B[49m\x1B[43mobj\x1B[49m\x1B[43m,\x1B[49m\x1B[43m \x1B[49m\x1B[43mrich_repr_kwds\x1B[49m\x1B[43m)\x1B[49m\n' +
      '\x1B[1;32m    826\x1B[0m     \x1B[38;5;28mself\x1B[39m\x1B[38;5;241m.\x1B[39m_backend\x1B[38;5;241m.\x1B[39mdisplay_immediately(plain_text, rich_output)\n',
    'File \x1B[0;32m/usr/lib/python3.13/site-packages/sage/repl/rich_output/display_manager.py:630\x1B[0m, in \x1B[0;36mDisplayManager._rich_output_formatter\x1B[0;34m(self, obj, rich_repr_kwds)\x1B[0m\n' +
      '\x1B[1;32m    628\x1B[0m     plain_text \x1B[38;5;241m=\x1B[39m \x1B[38;5;28mself\x1B[39m\x1B[38;5;241m.\x1B[39m_backend\x1B[38;5;241m.\x1B[39mplain_text_formatter(obj, \x1B[38;5;241m*\x1B[39m\x1B[38;5;241m*\x1B[39mrich_repr_kwds)\n' +
      '\x1B[1;32m    629\x1B[0m \x1B[38;5;28;01mif\x1B[39;00m rich_output \x1B[38;5;129;01mis\x1B[39;00m \x1B[38;5;28;01mNone\x1B[39;00m:\n' +
      '\x1B[0;32m--> 630\x1B[0m     rich_output \x1B[38;5;241m=\x1B[39m \x1B[38;5;28;43mself\x1B[39;49m\x1B[38;5;241;43m.\x1B[39;49m\x1B[43m_preferred_text_formatter\x1B[49m\x1B[43m(\x1B[49m\n' +
      '\x1B[1;32m    631\x1B[0m \x1B[43m        \x1B[49m\x1B[43mobj\x1B[49m\x1B[43m,\x1B[49m\x1B[43m \x1B[49m\x1B[43mplain_text\x1B[49m\x1B[38;5;241;43m=\x1B[39;49m\x1B[43mplain_text\x1B[49m\x1B[43m,\x1B[49m\x1B[43m \x1B[49m\x1B[38;5;241;43m*\x1B[39;49m\x1B[38;5;241;43m*\x1B[39;49m\x1B[43mrich_repr_kwds\x1B[49m\x1B[43m)\x1B[49m\n' +
      '\x1B[1;32m    632\x1B[0m \x1B[38;5;66;03m# promote output container types to backend-specific containers\x1B[39;00m\n' +
      '\x1B[1;32m    633\x1B[0m plain_text \x1B[38;5;241m=\x1B[39m \x1B[38;5;28mself\x1B[39m\x1B[38;5;241m.\x1B[39m_promote_output(plain_text)\n',
    'File \x1B[0;32m/usr/lib/python3.13/site-packages/sage/repl/rich_output/display_manager.py:533\x1B[0m, in \x1B[0;36mDisplayManager._preferred_text_formatter\x1B[0;34m(self, obj, plain_text, **kwds)\x1B[0m\n' +
      '\x1B[1;32m    531\x1B[0m     \x1B[38;5;28;01mreturn\x1B[39;00m out\n' +
      "\x1B[1;32m    532\x1B[0m \x1B[38;5;28;01mif\x1B[39;00m want \x1B[38;5;241m==\x1B[39m \x1B[38;5;124m'\x1B[39m\x1B[38;5;124mlatex\x1B[39m\x1B[38;5;124m'\x1B[39m \x1B[38;5;129;01mand\x1B[39;00m OutputHtml \x1B[38;5;129;01min\x1B[39;00m supported:\n" +
      '\x1B[0;32m--> 533\x1B[0m     out \x1B[38;5;241m=\x1B[39m \x1B[38;5;28;43mself\x1B[39;49m\x1B[38;5;241;43m.\x1B[39;49m\x1B[43m_backend\x1B[49m\x1B[38;5;241;43m.\x1B[39;49m\x1B[43mlatex_formatter\x1B[49m\x1B[43m(\x1B[49m\x1B[43mobj\x1B[49m\x1B[43m,\x1B[49m\x1B[43m \x1B[49m\x1B[38;5;241;43m*\x1B[39;49m\x1B[38;5;241;43m*\x1B[39;49m\x1B[43mkwds\x1B[49m\x1B[43m)\x1B[49m\n' +
      '\x1B[1;32m    534\x1B[0m     \x1B[38;5;28;01mif\x1B[39;00m \x1B[38;5;28mtype\x1B[39m(out) \x1B[38;5;129;01mis\x1B[39;00m \x1B[38;5;129;01mnot\x1B[39;00m OutputHtml:\n' +
      "\x1B[1;32m    535\x1B[0m         \x1B[38;5;28;01mraise\x1B[39;00m OutputTypeException(\x1B[38;5;124m'\x1B[39m\x1B[38;5;124mbackend returned wrong output type, require Html\x1B[39m\x1B[38;5;124m'\x1B[39m)\n",
    'File \x1B[0;32m/usr/lib/python3.13/site-packages/sage/repl/rich_output/backend_base.py:470\x1B[0m, in \x1B[0;36mBackendBase.latex_formatter\x1B[0;34m(self, obj, **kwds)\x1B[0m\n' +
      '\x1B[1;32m    468\x1B[0m \x1B[38;5;28;01mfrom\x1B[39;00m\x1B[38;5;250m \x1B[39m\x1B[38;5;21;01msage\x1B[39;00m\x1B[38;5;21;01m.\x1B[39;00m\x1B[38;5;21;01mmisc\x1B[39;00m\x1B[38;5;21;01m.\x1B[39;00m\x1B[38;5;21;01mhtml\x1B[39;00m\x1B[38;5;250m \x1B[39m\x1B[38;5;28;01mimport\x1B[39;00m html\n' +
      '\x1B[1;32m    469\x1B[0m \x1B[38;5;28;01mfrom\x1B[39;00m\x1B[38;5;250m \x1B[39m\x1B[38;5;21;01msage\x1B[39;00m\x1B[38;5;21;01m.\x1B[39;00m\x1B[38;5;21;01mrepl\x1B[39;00m\x1B[38;5;21;01m.\x1B[39;00m\x1B[38;5;21;01mrich_output\x1B[39;00m\x1B[38;5;21;01m.\x1B[39;00m\x1B[38;5;21;01moutput_browser\x1B[39;00m\x1B[38;5;250m \x1B[39m\x1B[38;5;28;01mimport\x1B[39;00m OutputHtml\n' +
      '\x1B[0;32m--> 470\x1B[0m \x1B[38;5;28;01mreturn\x1B[39;00m OutputHtml(\x1B[43mhtml\x1B[49m\x1B[43m(\x1B[49m\x1B[43mobj\x1B[49m\x1B[43m,\x1B[49m\x1B[43m \x1B[49m\x1B[43mconcatenate\x1B[49m\x1B[38;5;241;43m=\x1B[39;49m\x1B[43mconcatenate\x1B[49m\x1B[43m,\x1B[49m\x1B[43m \x1B[49m\x1B[43mstrict\x1B[49m\x1B[38;5;241;43m=\x1B[39;49m\x1B[38;5;28;43;01mTrue\x1B[39;49;00m\x1B[43m)\x1B[49m)\n',
    'File \x1B[0;32m/usr/lib/python3.13/site-packages/sage/misc/html.py:468\x1B[0m, in \x1B[0;36mHTMLFragmentFactory.__call__\x1B[0;34m(self, obj, concatenate, strict)\x1B[0m\n' +
      '\x1B[1;32m    466\x1B[0m     \x1B[38;5;28;01mif\x1B[39;00m \x1B[38;5;28misinstance\x1B[39m(obj, (\x1B[38;5;28mtuple\x1B[39m, \x1B[38;5;28mlist\x1B[39m)):\n' +
      '\x1B[1;32m    467\x1B[0m         obj \x1B[38;5;241m=\x1B[39m \x1B[38;5;28mtuple\x1B[39m(obj)\n' +
      '\x1B[0;32m--> 468\x1B[0m     result \x1B[38;5;241m=\x1B[39m \x1B[43mMathJax\x1B[49m\x1B[43m(\x1B[49m\x1B[43m)\x1B[49m\x1B[38;5;241;43m.\x1B[39;49m\x1B[43meval\x1B[49m\x1B[43m(\x1B[49m\x1B[43mobj\x1B[49m\x1B[43m,\x1B[49m\x1B[43m \x1B[49m\x1B[43mmode\x1B[49m\x1B[38;5;241;43m=\x1B[39;49m\x1B[43mmode\x1B[49m\x1B[43m,\x1B[49m\x1B[43m \x1B[49m\x1B[43mcombine_all\x1B[49m\x1B[38;5;241;43m=\x1B[39;49m\x1B[38;5;28;43;01mTrue\x1B[39;49;00m\x1B[43m)\x1B[49m\n' +
      '\x1B[1;32m    469\x1B[0m \x1B[38;5;28;01melse\x1B[39;00m:\n' +
      '\x1B[1;32m    470\x1B[0m     result \x1B[38;5;241m=\x1B[39m MathJax()\x1B[38;5;241m.\x1B[39meval(obj, mode\x1B[38;5;241m=\x1B[39mmode, combine_all\x1B[38;5;241m=\x1B[39m\x1B[38;5;28;01mFalse\x1B[39;00m)\n',
    'File \x1B[0;32m/usr/lib/python3.13/site-packages/sage/misc/html.py:303\x1B[0m, in \x1B[0;36mMathJax.eval\x1B[0;34m(self, x, globals, locals, mode, combine_all)\x1B[0m\n' +
      '\x1B[1;32m    262\x1B[0m \x1B[38;5;250m\x1B[39m\x1B[38;5;124mr\x1B[39m\x1B[38;5;124;03m"""\x1B[39;00m\n' +
      '\x1B[1;32m    263\x1B[0m \x1B[38;5;124;03mRender LaTeX input using MathJax.  This returns a :class:`MathJaxExpr`.\x1B[39;00m\n' +
      '\x1B[1;32m    264\x1B[0m \n' +
      '\x1B[0;32m   (...)\x1B[0m\n' +
      '\x1B[1;32m    300\x1B[0m \x1B[38;5;124;03m    <html>\\[\\newcommand{\\ZZ}{\\Bold{Z}}\\newcommand{\\Bold}[1]{\\mathbf{#1}}\\ZZ/6\\ZZ\\]</html>\x1B[39;00m\n' +
      '\x1B[1;32m    301\x1B[0m \x1B[38;5;124;03m"""\x1B[39;00m\n' +
      '\x1B[1;32m    302\x1B[0m \x1B[38;5;66;03m# Get a regular LaTeX representation of x\x1B[39;00m\n' +
      '\x1B[0;32m--> 303\x1B[0m x \x1B[38;5;241m=\x1B[39m \x1B[43mlatex\x1B[49m\x1B[43m(\x1B[49m\x1B[43mx\x1B[49m\x1B[43m,\x1B[49m\x1B[43m \x1B[49m\x1B[43mcombine_all\x1B[49m\x1B[38;5;241;43m=\x1B[39;49m\x1B[43mcombine_all\x1B[49m\x1B[43m)\x1B[49m\n' +
      '\x1B[1;32m    305\x1B[0m \x1B[38;5;66;03m# The "\\text{\\texttt{...}}" blocks are reformed to be renderable by MathJax.\x1B[39;00m\n' +
      '\x1B[1;32m    306\x1B[0m \x1B[38;5;66;03m# These blocks are produced by str_function() defined in sage.misc.latex.\x1B[39;00m\n' +
      '\x1B[1;32m    307\x1B[0m prefix \x1B[38;5;241m=\x1B[39m \x1B[38;5;124mr\x1B[39m\x1B[38;5;124m"\x1B[39m\x1B[38;5;124m\\\x1B[39m\x1B[38;5;124mtext\x1B[39m\x1B[38;5;124m{\x1B[39m\x1B[38;5;124m\\\x1B[39m\x1B[38;5;124mtexttt\x1B[39m\x1B[38;5;124m{\x1B[39m\x1B[38;5;124m"\x1B[39m\n',
    'File \x1B[0;32m/usr/lib/python3.13/site-packages/sage/misc/latex.py:875\x1B[0m, in \x1B[0;36mLatexCall.__call__\x1B[0;34m(self, x, combine_all)\x1B[0m\n' +
      '\x1B[1;32m    873\x1B[0m     f \x1B[38;5;241m=\x1B[39m latex_table[\x1B[38;5;28mtype\x1B[39m(x)]\n' +
      '\x1B[1;32m    874\x1B[0m     \x1B[38;5;28;01mif\x1B[39;00m \x1B[38;5;28misinstance\x1B[39m(x, \x1B[38;5;28mtuple\x1B[39m):\n' +
      '\x1B[0;32m--> 875\x1B[0m         \x1B[38;5;28;01mreturn\x1B[39;00m LatexExpr(\x1B[43mf\x1B[49m\x1B[43m(\x1B[49m\x1B[43mx\x1B[49m\x1B[43m,\x1B[49m\x1B[43m \x1B[49m\x1B[43mcombine_all\x1B[49m\x1B[38;5;241;43m=\x1B[39;49m\x1B[43mcombine_all\x1B[49m\x1B[43m)\x1B[49m)\n' +
      '\x1B[1;32m    876\x1B[0m     \x1B[38;5;28;01mreturn\x1B[39;00m LatexExpr(f(x))\n' +
      '\x1B[1;32m    877\x1B[0m \x1B[38;5;28;01mexcept\x1B[39;00m \x1B[38;5;167;01mKeyError\x1B[39;00m:\n',
    'File \x1B[0;32m/usr/lib/python3.13/site-packages/sage/misc/latex.py:124\x1B[0m, in \x1B[0;36mtuple_function\x1B[0;34m(x, combine_all)\x1B[0m\n' +
      '\x1B[1;32m     98\x1B[0m \x1B[38;5;250m\x1B[39m\x1B[38;5;124mr\x1B[39m\x1B[38;5;124;03m"""\x1B[39;00m\n' +
      '\x1B[1;32m     99\x1B[0m \x1B[38;5;124;03mReturn the LaTeX code for a tuple ``x``.\x1B[39;00m\n' +
      '\x1B[1;32m    100\x1B[0m \n' +
      '\x1B[0;32m   (...)\x1B[0m\n' +
      "\x1B[1;32m    121\x1B[0m \x1B[38;5;124;03m    '\\\\left(1, 2\\\\right) 3'\x1B[39;00m\n" +
      '\x1B[1;32m    122\x1B[0m \x1B[38;5;124;03m"""\x1B[39;00m\n' +
      '\x1B[1;32m    123\x1B[0m \x1B[38;5;28;01mif\x1B[39;00m combine_all:\n' +
      '\x1B[0;32m--> 124\x1B[0m     \x1B[38;5;28;01mreturn\x1B[39;00m \x1B[38;5;124;43m"\x1B[39;49m\x1B[38;5;124;43m \x1B[39;49m\x1B[38;5;124;43m"\x1B[39;49m\x1B[38;5;241;43m.\x1B[39;49m\x1B[43mjoin\x1B[49m\x1B[43m(\x1B[49m\x1B[43mlatex\x1B[49m\x1B[43m(\x1B[49m\x1B[43mv\x1B[49m\x1B[43m)\x1B[49m\x1B[43m \x1B[49m\x1B[38;5;28;43;01mfor\x1B[39;49;00m\x1B[43m \x1B[49m\x1B[43mv\x1B[49m\x1B[43m \x1B[49m\x1B[38;5;129;43;01min\x1B[39;49;00m\x1B[43m \x1B[49m\x1B[43mx\x1B[49m\x1B[43m)\x1B[49m\n' +
      '\x1B[1;32m    125\x1B[0m \x1B[38;5;28;01mreturn\x1B[39;00m \x1B[38;5;124m"\x1B[39m\x1B[38;5;130;01m\\\\\x1B[39;00m\x1B[38;5;124mleft(\x1B[39m\x1B[38;5;124m"\x1B[39m \x1B[38;5;241m+\x1B[39m \x1B[38;5;124m"\x1B[39m\x1B[38;5;124m, \x1B[39m\x1B[38;5;124m"\x1B[39m\x1B[38;5;241m.\x1B[39mjoin(latex(v) \x1B[38;5;28;01mfor\x1B[39;00m v \x1B[38;5;129;01min\x1B[39;00m x) \x1B[38;5;241m+\x1B[39m \x1B[38;5;124m"\x1B[39m\x1B[38;5;130;01m\\\\\x1B[39;00m\x1B[38;5;124mright)\x1B[39m\x1B[38;5;124m"\x1B[39m\n',
    'File \x1B[0;32m/usr/lib/python3.13/site-packages/sage/misc/latex.py:124\x1B[0m, in \x1B[0;36m<genexpr>\x1B[0;34m(.0)\x1B[0m\n' +
      '\x1B[1;32m     98\x1B[0m \x1B[38;5;250m\x1B[39m\x1B[38;5;124mr\x1B[39m\x1B[38;5;124;03m"""\x1B[39;00m\n' +
      '\x1B[1;32m     99\x1B[0m \x1B[38;5;124;03mReturn the LaTeX code for a tuple ``x``.\x1B[39;00m\n' +
      '\x1B[1;32m    100\x1B[0m \n' +
      '\x1B[0;32m   (...)\x1B[0m\n' +
      "\x1B[1;32m    121\x1B[0m \x1B[38;5;124;03m    '\\\\left(1, 2\\\\right) 3'\x1B[39;00m\n" +
      '\x1B[1;32m    122\x1B[0m \x1B[38;5;124;03m"""\x1B[39;00m\n' +
      '\x1B[1;32m    123\x1B[0m \x1B[38;5;28;01mif\x1B[39;00m combine_all:\n' +
      '\x1B[0;32m--> 124\x1B[0m     \x1B[38;5;28;01mreturn\x1B[39;00m \x1B[38;5;124m"\x1B[39m\x1B[38;5;124m \x1B[39m\x1B[38;5;124m"\x1B[39m\x1B[38;5;241m.\x1B[39mjoin(\x1B[43mlatex\x1B[49m\x1B[43m(\x1B[49m\x1B[43mv\x1B[49m\x1B[43m)\x1B[49m \x1B[38;5;28;01mfor\x1B[39;00m v \x1B[38;5;129;01min\x1B[39;00m x)\n' +
      '\x1B[1;32m    125\x1B[0m \x1B[38;5;28;01mreturn\x1B[39;00m \x1B[38;5;124m"\x1B[39m\x1B[38;5;130;01m\\\\\x1B[39;00m\x1B[38;5;124mleft(\x1B[39m\x1B[38;5;124m"\x1B[39m \x1B[38;5;241m+\x1B[39m \x1B[38;5;124m"\x1B[39m\x1B[38;5;124m, \x1B[39m\x1B[38;5;124m"\x1B[39m\x1B[38;5;241m.\x1B[39mjoin(latex(v) \x1B[38;5;28;01mfor\x1B[39;00m v \x1B[38;5;129;01min\x1B[39;00m x) \x1B[38;5;241m+\x1B[39m \x1B[38;5;124m"\x1B[39m\x1B[38;5;130;01m\\\\\x1B[39;00m\x1B[38;5;124mright)\x1B[39m\x1B[38;5;124m"\x1B[39m\n',
    'File \x1B[0;32m/usr/lib/python3.13/site-packages/sage/misc/latex.py:871\x1B[0m, in \x1B[0;36mLatexCall.__call__\x1B[0;34m(self, x, combine_all)\x1B[0m\n' +
      '\x1B[1;32m    842\x1B[0m \x1B[38;5;250m\x1B[39m\x1B[38;5;124mr\x1B[39m\x1B[38;5;124;03m"""\x1B[39;00m\n' +
      '\x1B[1;32m    843\x1B[0m \x1B[38;5;124;03mReturn a :class:`LatexExpr` built out of the argument ``x``.\x1B[39;00m\n' +
      '\x1B[1;32m    844\x1B[0m \n' +
      '\x1B[0;32m   (...)\x1B[0m\n' +
      '\x1B[1;32m    868\x1B[0m \x1B[38;5;124;03m    x 2\x1B[39;00m\n' +
      '\x1B[1;32m    869\x1B[0m \x1B[38;5;124;03m"""\x1B[39;00m\n' +
      '\x1B[1;32m    870\x1B[0m \x1B[38;5;28;01mif\x1B[39;00m has_latex_attr(x):\n' +
      '\x1B[0;32m--> 871\x1B[0m     \x1B[38;5;28;01mreturn\x1B[39;00m LatexExpr(\x1B[43mx\x1B[49m\x1B[38;5;241;43m.\x1B[39;49m\x1B[43m_latex_\x1B[49m\x1B[43m(\x1B[49m\x1B[43m)\x1B[49m)\n' +
      '\x1B[1;32m    872\x1B[0m \x1B[38;5;28;01mtry\x1B[39;00m:\n' +
      '\x1B[1;32m    873\x1B[0m     f \x1B[38;5;241m=\x1B[39m latex_table[\x1B[38;5;28mtype\x1B[39m(x)]\n',
    'File \x1B[0;32m/usr/lib/python3.13/site-packages/sage/plot/graphics.py:3440\x1B[0m, in \x1B[0;36mGraphics._latex_\x1B[0;34m(self, **kwds)\x1B[0m\n' +
      '\x1B[1;32m   3424\x1B[0m \x1B[38;5;250m\x1B[39m\x1B[38;5;124;03m"""\x1B[39;00m\n' +
      '\x1B[1;32m   3425\x1B[0m \x1B[38;5;124;03mReturn a string plotting ``self`` with PGF.\x1B[39;00m\n' +
      '\x1B[1;32m   3426\x1B[0m \n' +
      '\x1B[0;32m   (...)\x1B[0m\n' +
      "\x1B[1;32m   3437\x1B[0m \x1B[38;5;124;03m    '%% Creator: Matplotlib, PGF backend...\x1B[39;00m\n" +
      '\x1B[1;32m   3438\x1B[0m \x1B[38;5;124;03m"""\x1B[39;00m\n' +
      "\x1B[1;32m   3439\x1B[0m tmpfilename \x1B[38;5;241m=\x1B[39m tmp_filename(ext\x1B[38;5;241m=\x1B[39m\x1B[38;5;124m'\x1B[39m\x1B[38;5;124m.pgf\x1B[39m\x1B[38;5;124m'\x1B[39m)\n" +
      '\x1B[0;32m-> 3440\x1B[0m \x1B[38;5;28;43mself\x1B[39;49m\x1B[38;5;241;43m.\x1B[39;49m\x1B[43msave\x1B[49m\x1B[43m(\x1B[49m\x1B[43mfilename\x1B[49m\x1B[38;5;241;43m=\x1B[39;49m\x1B[43mtmpfilename\x1B[49m\x1B[43m,\x1B[49m\x1B[43m \x1B[49m\x1B[38;5;241;43m*\x1B[39;49m\x1B[38;5;241;43m*\x1B[39;49m\x1B[43mkwds\x1B[49m\x1B[43m)\x1B[49m\n' +
      '\x1B[1;32m   3441\x1B[0m \x1B[38;5;28;01mwith\x1B[39;00m \x1B[38;5;28mopen\x1B[39m(tmpfilename) \x1B[38;5;28;01mas\x1B[39;00m tmpfile:\n' +
      '\x1B[1;32m   3442\x1B[0m     latex_list \x1B[38;5;241m=\x1B[39m tmpfile\x1B[38;5;241m.\x1B[39mreadlines()\n',
    'File \x1B[0;32m/usr/lib/python3.13/site-packages/sage/misc/decorators.py:413\x1B[0m, in \x1B[0;36msuboptions.__call__.<locals>.wrapper\x1B[0;34m(*args, **kwds)\x1B[0m\n' +
      '\x1B[1;32m    409\x1B[0m         \x1B[38;5;28;01mdel\x1B[39;00m kwds[key]\n' +
      '\x1B[1;32m    411\x1B[0m kwds[\x1B[38;5;28mself\x1B[39m\x1B[38;5;241m.\x1B[39mname \x1B[38;5;241m+\x1B[39m \x1B[38;5;124m"\x1B[39m\x1B[38;5;124moptions\x1B[39m\x1B[38;5;124m"\x1B[39m] \x1B[38;5;241m=\x1B[39m suboptions\n' +
      '\x1B[0;32m--> 413\x1B[0m \x1B[38;5;28;01mreturn\x1B[39;00m \x1B[43mfunc\x1B[49m\x1B[43m(\x1B[49m\x1B[38;5;241;43m*\x1B[39;49m\x1B[43margs\x1B[49m\x1B[43m,\x1B[49m\x1B[43m \x1B[49m\x1B[38;5;241;43m*\x1B[39;49m\x1B[38;5;241;43m*\x1B[39;49m\x1B[43mkwds\x1B[49m\x1B[43m)\x1B[49m\n',
    'File \x1B[0;32m/usr/lib/python3.13/site-packages/sage/plot/graphics.py:3379\x1B[0m, in \x1B[0;36mGraphics.save\x1B[0;34m(self, filename, **kwds)\x1B[0m\n' +
      "\x1B[1;32m   3377\x1B[0m     latex_implementations\x1B[38;5;241m.\x1B[39mappend(\x1B[38;5;124m'\x1B[39m\x1B[38;5;124mlualatex\x1B[39m\x1B[38;5;124m'\x1B[39m)\n" +
      '\x1B[1;32m   3378\x1B[0m \x1B[38;5;28;01mif\x1B[39;00m \x1B[38;5;129;01mnot\x1B[39;00m latex_implementations:\n' +
      '\x1B[0;32m-> 3379\x1B[0m     \x1B[38;5;28;01mraise\x1B[39;00m \x1B[38;5;167;01mValueError\x1B[39;00m(\x1B[38;5;124m"\x1B[39m\x1B[38;5;124mMatplotlib requires either xelatex, \x1B[39m\x1B[38;5;124m"\x1B[39m\n' +
      '\x1B[1;32m   3380\x1B[0m                      \x1B[38;5;124m"\x1B[39m\x1B[38;5;124mlualatex, or pdflatex.\x1B[39m\x1B[38;5;124m"\x1B[39m)\n' +
      '\x1B[1;32m   3381\x1B[0m \x1B[38;5;28;01mif\x1B[39;00m latex_implementations[\x1B[38;5;241m0\x1B[39m] \x1B[38;5;241m==\x1B[39m \x1B[38;5;124m"\x1B[39m\x1B[38;5;124mpdflatex\x1B[39m\x1B[38;5;124m"\x1B[39m:\n' +
      '\x1B[1;32m   3382\x1B[0m     \x1B[38;5;66;03m# use pdflatex and set font encoding as per\x1B[39;00m\n' +
      '\x1B[1;32m   3383\x1B[0m     \x1B[38;5;66;03m# matplotlib documentation:\x1B[39;00m\n' +
      '\x1B[1;32m   3384\x1B[0m     \x1B[38;5;66;03m# https://matplotlib.org/users/pgf.html#pgf-tutorial\x1B[39;00m\n' +
      '\x1B[1;32m   3385\x1B[0m     pgf_options \x1B[38;5;241m=\x1B[39m {\x1B[38;5;124m"\x1B[39m\x1B[38;5;124mpgf.texsystem\x1B[39m\x1B[38;5;124m"\x1B[39m: \x1B[38;5;124m"\x1B[39m\x1B[38;5;124mpdflatex\x1B[39m\x1B[38;5;124m"\x1B[39m,\n' +
      '\x1B[1;32m   3386\x1B[0m                    \x1B[38;5;124m"\x1B[39m\x1B[38;5;124mpgf.preamble\x1B[39m\x1B[38;5;124m"\x1B[39m: [\n' +
      '\x1B[1;32m   3387\x1B[0m                        \x1B[38;5;124mr\x1B[39m\x1B[38;5;124m"\x1B[39m\x1B[38;5;124m\\\x1B[39m\x1B[38;5;124musepackage[utf8x]\x1B[39m\x1B[38;5;132;01m{inputenc}\x1B[39;00m\x1B[38;5;124m"\x1B[39m,\n' +
      '\x1B[1;32m   3388\x1B[0m                        \x1B[38;5;124mr\x1B[39m\x1B[38;5;124m"\x1B[39m\x1B[38;5;124m\\\x1B[39m\x1B[38;5;124musepackage[T1]\x1B[39m\x1B[38;5;132;01m{fontenc}\x1B[39;00m\x1B[38;5;124m"\x1B[39m]}\n',
    '\x1B[0;31mValueError\x1B[0m: Matplotlib requires either xelatex, lualatex, or pdflatex.'
  ]
}
15:21:13.581 [info] Dispose Kernel '~/programowanie/pythonowa_nauka/matma_sage.ipynb' associated with '~/programowanie/pythonowa_nauka/matma_sage.ipynb'
15:21:13.602 [warn] Failed to delete connection file file:///home/~/.local/share/jupyter/runtime/kernel-v30d4491dc8f9eeeeb5500990a444c574f3affaf5b.json for pid 63315 [Canceled (FileSystemError): Canceled
	at Zi.e (file:///usr/lib/code/out/vs/workbench/api/node/extensionHostProcess.js:112:9922)
	at Object.stat (file:///usr/lib/code/out/vs/workbench/api/node/extensionHostProcess.js:112:7076)
	at async qc.delete (/home/~/.vscode-oss/extensions/ms-toolsai.jupyter-2025.1.0-universal/dist/extension.node.js:239:15448)
	at async /home/~/.vscode-oss/extensions/ms-toolsai.jupyter-2025.1.0-universal/dist/extension.node.js:303:469] {
  code: 'Unknown'
}
