2025-03-04 15:20:51.776 [info] Extension host with pid 63238 started
2025-03-04 15:20:51.776 [info] Skipping acquiring lock for /home/bartosh/.config/Code - OSS/User/workspaceStorage/2741908bbce287f77e115b64ff454b08.
2025-03-04 15:20:51.776 [info] ExtensionService#_doActivateExtension vscode.ipynb, startup: false, activationEvent: 'onNotebookSerializer:jupyter-notebook'
2025-03-04 15:20:51.798 [info] ExtensionService#_doActivateExtension vscode.git-base, startup: true, activationEvent: '*', root cause: vscode.git
2025-03-04 15:20:51.806 [info] ExtensionService#_doActivateExtension vscode.git, startup: true, activationEvent: '*'
2025-03-04 15:20:51.883 [info] ExtensionService#_doActivateExtension vscode.github, startup: true, activationEvent: '*'
2025-03-04 15:20:51.928 [info] ExtensionService#_doActivateExtension ms-toolsai.jupyter, startup: false, activationEvent: 'onNotebook:jupyter-notebook'
2025-03-04 15:20:51.930 [info] ExtensionService#_doActivateExtension ms-toolsai.vscode-jupyter-cell-tags, startup: false, activationEvent: 'onNotebook:jupyter-notebook'
2025-03-04 15:20:51.933 [info] ExtensionService#_doActivateExtension ms-toolsai.vscode-jupyter-slideshow, startup: false, activationEvent: 'onNotebook:jupyter-notebook'
2025-03-04 15:20:51.960 [info] Eager extensions activated
2025-03-04 15:20:52.445 [info] ExtensionService#_doActivateExtension vscode.debug-auto-launch, startup: false, activationEvent: 'onStartupFinished'
2025-03-04 15:20:52.448 [info] ExtensionService#_doActivateExtension vscode.merge-conflict, startup: false, activationEvent: 'onStartupFinished'
2025-03-04 15:20:52.480 [info] ExtensionService#_doActivateExtension ms-toolsai.jupyter-renderers, startup: false, activationEvent: 'onRenderer:jupyter-notebook-renderer'
2025-03-04 15:20:52.482 [info] ExtensionService#_doActivateExtension ms-python.python, startup: false, activationEvent: 'onLanguage:python', root cause: ms-python.debugpy
2025-03-04 15:20:52.773 [info] ExtensionService#_doActivateExtension vscode.emmet, startup: false, activationEvent: 'onLanguage'
2025-03-04 15:20:53.060 [info] ExtensionService#_doActivateExtension ms-python.debugpy, startup: false, activationEvent: 'onLanguage:python'
2025-03-04 15:20:53.150 [error] Activating extension ms-python.debugpy failed due to an error:
2025-03-04 15:20:53.150 [error] Error: Extension 'ms-python.debugpy' CANNOT use API proposal: portsAttributes.
Its package.json#enabledApiProposals-property declares:  but NOT portsAttributes.
 The missing proposal MUST be added and you must start in extension development mode or use the following command line switch: --enable-proposed-api ms-python.debugpy
	at N (file:///usr/lib/code/out/vs/workbench/api/node/extensionHostProcess.js:110:16858)
	at Object.registerPortAttributesProvider (file:///usr/lib/code/out/vs/workbench/api/node/extensionHostProcess.js:172:55654)
	at t.registerDebugger (/home/bartosh/.vscode-oss/extensions/ms-python.debugpy-2025.0.1-linux-x64/dist/extension.js:2:846258)
	at e.activate (/home/bartosh/.vscode-oss/extensions/ms-python.debugpy-2025.0.1-linux-x64/dist/extension.js:2:1097551)
	at Ow.kb (file:///usr/lib/code/out/vs/workbench/api/node/extensionHostProcess.js:116:15214)
	at Ow.jb (file:///usr/lib/code/out/vs/workbench/api/node/extensionHostProcess.js:116:14921)
	at file:///usr/lib/code/out/vs/workbench/api/node/extensionHostProcess.js:116:13079
	at async aw.n (file:///usr/lib/code/out/vs/workbench/api/node/extensionHostProcess.js:112:4447)
	at async aw.m (file:///usr/lib/code/out/vs/workbench/api/node/extensionHostProcess.js:112:4410)
	at async aw.l (file:///usr/lib/code/out/vs/workbench/api/node/extensionHostProcess.js:112:3866)
2025-03-04 15:20:54.195 [error] Error: Extension 'ms-python.python' CANNOT use API proposal: testObserver.
Its package.json#enabledApiProposals-property declares:  but NOT testObserver.
 The missing proposal MUST be added and you must start in extension development mode or use the following command line switch: --enable-proposed-api ms-python.python
	at N (file:///usr/lib/code/out/vs/workbench/api/node/extensionHostProcess.js:110:16858)
	at get testResults (file:///usr/lib/code/out/vs/workbench/api/node/extensionHostProcess.js:172:39426)
	at C.activate (/home/bartosh/.vscode-oss/extensions/ms-python.python-2025.0.0-universal/out/client/extension.js:2:908459)
	at /home/bartosh/.vscode-oss/extensions/ms-python.python-2025.0.0-universal/out/client/extension.js:2:2457
	at Array.map (<anonymous>)
	at v.activateWorkspace (/home/bartosh/.vscode-oss/extensions/ms-python.python-2025.0.0-universal/out/client/extension.js:2:2447)
2025-03-04 15:21:13.564 [info] Extension host terminating: renderer closed the MessagePort
2025-03-04 15:21:13.597 [error] Canceled: Canceled
	at new XR (file:///usr/lib/code/out/vs/workbench/api/node/extensionHostProcess.js:29:110406)
	at Uy.U (file:///usr/lib/code/out/vs/workbench/api/node/extensionHostProcess.js:29:115016)
	at s.<computed>.n.charCodeAt.s.<computed> (file:///usr/lib/code/out/vs/workbench/api/node/extensionHostProcess.js:29:112510)
	at mw.g (file:///usr/lib/code/out/vs/workbench/api/node/extensionHostProcess.js:112:32221)
	at mw.executeCommand (file:///usr/lib/code/out/vs/workbench/api/node/extensionHostProcess.js:112:31725)
	at r.registerCommand.description (file:///usr/lib/code/out/vs/workbench/api/node/extensionHostProcess.js:112:31055)
	at mw.h (file:///usr/lib/code/out/vs/workbench/api/node/extensionHostProcess.js:112:32741)
	at mw.g (file:///usr/lib/code/out/vs/workbench/api/node/extensionHostProcess.js:112:31818)
	at mw.executeCommand (file:///usr/lib/code/out/vs/workbench/api/node/extensionHostProcess.js:112:31725)
	at Object.executeCommand (file:///usr/lib/code/out/vs/workbench/api/node/extensionHostProcess.js:172:37254)
	at ir.set (/home/bartosh/.vscode-oss/extensions/ms-toolsai.jupyter-2025.1.0-universal/dist/extension.node.js:304:165658)
	at dI.updateContextOfActiveNotebookKernel (/home/bartosh/.vscode-oss/extensions/ms-toolsai.jupyter-2025.1.0-universal/dist/extension.node.js:382:11182)
	at dI.onDidKernelStatusChange (/home/bartosh/.vscode-oss/extensions/ms-toolsai.jupyter-2025.1.0-universal/dist/extension.node.js:382:12834)
	at D.B (file:///usr/lib/code/out/vs/workbench/api/node/extensionHostProcess.js:27:2373)
	at D.C (file:///usr/lib/code/out/vs/workbench/api/node/extensionHostProcess.js:27:2443)
	at D.fire (file:///usr/lib/code/out/vs/workbench/api/node/extensionHostProcess.js:27:2660)
	at Cy.<anonymous> (/home/bartosh/.vscode-oss/extensions/ms-toolsai.jupyter-2025.1.0-universal/dist/extension.node.js:299:2959)
	at D.B (file:///usr/lib/code/out/vs/workbench/api/node/extensionHostProcess.js:27:2373)
	at D.C (file:///usr/lib/code/out/vs/workbench/api/node/extensionHostProcess.js:27:2443)
	at D.fire (file:///usr/lib/code/out/vs/workbench/api/node/extensionHostProcess.js:27:2660)
	at e (/home/bartosh/.vscode-oss/extensions/ms-toolsai.jupyter-2025.1.0-universal/dist/extension.node.js:285:32519)
	at I_.dispose (/home/bartosh/.vscode-oss/extensions/ms-toolsai.jupyter-2025.1.0-universal/dist/extension.node.js:285:32642)
	at /home/bartosh/.vscode-oss/extensions/ms-toolsai.jupyter-2025.1.0-universal/dist/extension.node.js:183:1926
	at Array.map (<anonymous>)
	at Pg.dispose (/home/bartosh/.vscode-oss/extensions/ms-toolsai.jupyter-2025.1.0-universal/dist/extension.node.js:183:1917)
	at Object.bhe (/home/bartosh/.vscode-oss/extensions/ms-toolsai.jupyter-2025.1.0-universal/dist/extension.node.js:445:3865)
	at Object.m (/home/bartosh/.vscode-oss/extensions/ms-toolsai.jupyter-2025.1.0-universal/dist/extension.node.proxy.js:1:963)
	at PW.eb (file:///usr/lib/code/out/vs/workbench/api/node/extensionHostProcess.js:116:11724)
	at file:///usr/lib/code/out/vs/workbench/api/node/extensionHostProcess.js:116:9874
	at Array.map (<anonymous>)
	at PW.$ (file:///usr/lib/code/out/vs/workbench/api/node/extensionHostProcess.js:116:9862)
	at PW.terminate (file:///usr/lib/code/out/vs/workbench/api/node/extensionHostProcess.js:116:10105)
	at wC.terminate (file:///usr/lib/code/out/vs/workbench/api/node/extensionHostProcess.js:117:1434)
	at ts (file:///usr/lib/code/out/vs/workbench/api/node/extensionHostProcess.js:190:15080)
	at MessagePortMain.<anonymous> (file:///usr/lib/code/out/vs/workbench/api/node/extensionHostProcess.js:190:11628)
	at MessagePortMain.emit (node:events:518:28)
	at MessagePortMain._internalPort.emit (node:electron/js2c/utility_init:2:2949) setContext undefined
2025-03-04 15:21:13.605 [info] Extension host with pid 63238 exiting with code 0
