2025-03-12 15:36:05.066 [warning] Dir "/home/bartosh/programowanie/.pixi/envs" is not watchable (directory does not exist)
2025-03-12 15:36:05.066 [error] Unable to check if shell integration is active [Error: Extension 'ms-python.python' CANNOT use API proposal: terminalDataWriteEvent.
Its package.json#enabledApiProposals-property declares:  but NOT terminalDataWriteEvent.
 The missing proposal MUST be added and you must start in extension development mode or use the following command line switch: --enable-proposed-api ms-python.python
	at N (file:///usr/lib/code/out/vs/workbench/api/node/extensionHostProcess.js:110:16858)
	at a.onDidWriteTerminalData (file:///usr/lib/code/out/vs/workbench/api/node/extensionHostProcess.js:172:46213)
	at new v (/home/bartosh/.vscode-oss/extensions/ms-python.python-2025.2.0-universal/out/client/extension.js:2:877941)
	at ge (/home/bartosh/.vscode-oss/extensions/ms-python.python-2025.2.0-universal/out/client/extension.js:2:1684578)
	at /home/bartosh/.vscode-oss/extensions/ms-python.python-2025.2.0-universal/out/client/extension.js:2:1687942
	at /home/bartosh/.vscode-oss/extensions/ms-python.python-2025.2.0-universal/out/client/extension.js:2:1687970
	at Se (/home/bartosh/.vscode-oss/extensions/ms-python.python-2025.2.0-universal/out/client/extension.js:2:1688037)
	at /home/bartosh/.vscode-oss/extensions/ms-python.python-2025.2.0-universal/out/client/extension.js:2:1688517
	at we (/home/bartosh/.vscode-oss/extensions/ms-python.python-2025.2.0-universal/out/client/extension.js:2:1688458)
	at Pe (/home/bartosh/.vscode-oss/extensions/ms-python.python-2025.2.0-universal/out/client/extension.js:2:1688492)
	at /home/bartosh/.vscode-oss/extensions/ms-python.python-2025.2.0-universal/out/client/extension.js:2:1685731
	at /home/bartosh/.vscode-oss/extensions/ms-python.python-2025.2.0-universal/out/client/extension.js:2:1687336
	at Array.reduce (<anonymous>)
	at /home/bartosh/.vscode-oss/extensions/ms-python.python-2025.2.0-universal/out/client/extension.js:2:1687308
	at /home/bartosh/.vscode-oss/extensions/ms-python.python-2025.2.0-universal/out/client/extension.js:2:1687590
	at /home/bartosh/.vscode-oss/extensions/ms-python.python-2025.2.0-universal/out/client/extension.js:2:1687970
	at Se (/home/bartosh/.vscode-oss/extensions/ms-python.python-2025.2.0-universal/out/client/extension.js:2:1688037)
	at /home/bartosh/.vscode-oss/extensions/ms-python.python-2025.2.0-universal/out/client/extension.js:2:1688517
	at we (/home/bartosh/.vscode-oss/extensions/ms-python.python-2025.2.0-universal/out/client/extension.js:2:1688458)
	at Pe (/home/bartosh/.vscode-oss/extensions/ms-python.python-2025.2.0-universal/out/client/extension.js:2:1688492)
	at /home/bartosh/.vscode-oss/extensions/ms-python.python-2025.2.0-universal/out/client/extension.js:2:1685731
	at /home/bartosh/.vscode-oss/extensions/ms-python.python-2025.2.0-universal/out/client/extension.js:2:1715401
	at /home/bartosh/.vscode-oss/extensions/ms-python.python-2025.2.0-universal/out/client/extension.js:2:1715422
	at e._get (/home/bartosh/.vscode-oss/extensions/ms-python.python-2025.2.0-universal/out/client/extension.js:2:1714435)
	at e._getButThrowIfAsync (/home/bartosh/.vscode-oss/extensions/ms-python.python-2025.2.0-universal/out/client/extension.js:2:1714495)
	at e.get (/home/bartosh/.vscode-oss/extensions/ms-python.python-2025.2.0-universal/out/client/extension.js:2:1710204)
	at e.dynamicValue (/home/bartosh/.vscode-oss/extensions/ms-python.python-2025.2.0-universal/out/client/extension.js:2:1699937)
	at /home/bartosh/.vscode-oss/extensions/ms-python.python-2025.2.0-universal/out/client/extension.js:2:1686114
	at Ee (/home/bartosh/.vscode-oss/extensions/ms-python.python-2025.2.0-universal/out/client/extension.js:2:1686370)
	at Se (/home/bartosh/.vscode-oss/extensions/ms-python.python-2025.2.0-universal/out/client/extension.js:2:1688086)
	at /home/bartosh/.vscode-oss/extensions/ms-python.python-2025.2.0-universal/out/client/extension.js:2:1688517
	at we (/home/bartosh/.vscode-oss/extensions/ms-python.python-2025.2.0-universal/out/client/extension.js:2:1688458)
	at Pe (/home/bartosh/.vscode-oss/extensions/ms-python.python-2025.2.0-universal/out/client/extension.js:2:1688492)
	at /home/bartosh/.vscode-oss/extensions/ms-python.python-2025.2.0-universal/out/client/extension.js:2:1685731
	at /home/bartosh/.vscode-oss/extensions/ms-python.python-2025.2.0-universal/out/client/extension.js:2:1685665
	at Array.map (<anonymous>)
	at /home/bartosh/.vscode-oss/extensions/ms-python.python-2025.2.0-universal/out/client/extension.js:2:1685636
	at /home/bartosh/.vscode-oss/extensions/ms-python.python-2025.2.0-universal/out/client/extension.js:2:1687336
	at Array.reduce (<anonymous>)
	at /home/bartosh/.vscode-oss/extensions/ms-python.python-2025.2.0-universal/out/client/extension.js:2:1687308
	at /home/bartosh/.vscode-oss/extensions/ms-python.python-2025.2.0-universal/out/client/extension.js:2:1687590
	at /home/bartosh/.vscode-oss/extensions/ms-python.python-2025.2.0-universal/out/client/extension.js:2:1687970
	at Se (/home/bartosh/.vscode-oss/extensions/ms-python.python-2025.2.0-universal/out/client/extension.js:2:1688037)
	at /home/bartosh/.vscode-oss/extensions/ms-python.python-2025.2.0-universal/out/client/extension.js:2:1688517
	at we (/home/bartosh/.vscode-oss/extensions/ms-python.python-2025.2.0-universal/out/client/extension.js:2:1688458)
	at Pe (/home/bartosh/.vscode-oss/extensions/ms-python.python-2025.2.0-universal/out/client/extension.js:2:1688492)
	at /home/bartosh/.vscode-oss/extensions/ms-python.python-2025.2.0-universal/out/client/extension.js:2:1685731
	at /home/bartosh/.vscode-oss/extensions/ms-python.python-2025.2.0-universal/out/client/extension.js:2:1715401
	at /home/bartosh/.vscode-oss/extensions/ms-python.python-2025.2.0-universal/out/client/extension.js:2:1715422
	at e._get (/home/bartosh/.vscode-oss/extensions/ms-python.python-2025.2.0-universal/out/client/extension.js:2:1714435)
	at e._getButThrowIfAsync (/home/bartosh/.vscode-oss/extensions/ms-python.python-2025.2.0-universal/out/client/extension.js:2:1714495)
	at e.get (/home/bartosh/.vscode-oss/extensions/ms-python.python-2025.2.0-universal/out/client/extension.js:2:1710204)
	at a.get (/home/bartosh/.vscode-oss/extensions/ms-python.python-2025.2.0-universal/out/client/extension.js:2:536568)
	at /home/bartosh/.vscode-oss/extensions/ms-python.python-2025.2.0-universal/out/client/extension.js:2:451405
	at async t.activateComponents (/home/bartosh/.vscode-oss/extensions/ms-python.python-2025.2.0-universal/out/client/extension.js:2:449685)
	at async /home/bartosh/.vscode-oss/extensions/ms-python.python-2025.2.0-universal/out/client/extension.js:2:2639568
	at async e (/home/bartosh/.vscode-oss/extensions/ms-python.python-2025.2.0-universal/out/client/extension.js:2:2639100)
	at async aw.n (file:///usr/lib/code/out/vs/workbench/api/node/extensionHostProcess.js:112:4447)
	at async aw.m (file:///usr/lib/code/out/vs/workbench/api/node/extensionHostProcess.js:112:4410)
	at async aw.l (file:///usr/lib/code/out/vs/workbench/api/node/extensionHostProcess.js:112:3866)]
2025-03-12 15:36:05.066 [info] Starting Environment refresh
2025-03-12 15:36:05.066 [info] Searching for interpreters in posix paths locator
2025-03-12 15:36:05.066 [info] Searching for pyenv environments
2025-03-12 15:36:05.066 [info] Searching for conda environments
2025-03-12 15:36:05.066 [info] Searching for global virtual environments
2025-03-12 15:36:05.066 [info] Searching for custom virtual environments
2025-03-12 15:36:05.066 [info] pyenv is not installed
2025-03-12 15:36:05.066 [info] Finished searching for pyenv environments: 33 milliseconds
2025-03-12 15:36:05.066 [info] Finished searching for custom virtual envs: 32 milliseconds
2025-03-12 15:36:05.066 [info] > conda info --json
2025-03-12 15:36:05.066 [info] > hatch env show --json
2025-03-12 15:36:05.066 [info] cwd: .
2025-03-12 15:36:05.066 [info] Python interpreter path: /bin/python
2025-03-12 15:36:05.066 [info] Finished searching for global virtual envs: 124 milliseconds
2025-03-12 15:36:05.066 [info] > pyenv which python
2025-03-12 15:36:05.066 [info] cwd: .
2025-03-12 15:36:05.096 [info] Found: /bin/python --> /bin/python3.13
2025-03-12 15:36:05.107 [info] Found: /bin/python3 --> /bin/python3.13
2025-03-12 15:36:05.108 [info] Found: /bin/python3.13 --> /bin/python3.13
2025-03-12 15:36:05.137 [error] [
  'Failed to activate a workspace, Class name = v, completed in 265ms, has a falsy return value, Arg 1: <Uri:/home/bartosh/programowanie/pythonowa_nauka/matma_sage.ipynb>, Arg 2: {"started":1741790164666}, Return Value: undefined',
  [Error: Extension 'ms-python.python' CANNOT use API proposal: testObserver.
  Its package.json#enabledApiProposals-property declares:  but NOT testObserver.
   The missing proposal MUST be added and you must start in extension development mode or use the following command line switch: --enable-proposed-api ms-python.python
  	at N (file:///usr/lib/code/out/vs/workbench/api/node/extensionHostProcess.js:110:16858)
  	at get testResults (file:///usr/lib/code/out/vs/workbench/api/node/extensionHostProcess.js:172:39426)
  	at C.activate (/home/bartosh/.vscode-oss/extensions/ms-python.python-2025.2.0-universal/out/client/extension.js:2:908493)
  	at /home/bartosh/.vscode-oss/extensions/ms-python.python-2025.2.0-universal/out/client/extension.js:2:2457
  	at Array.map (<anonymous>)
  	at v.activateWorkspace (/home/bartosh/.vscode-oss/extensions/ms-python.python-2025.2.0-universal/out/client/extension.js:2:2447)]
]
2025-03-12 15:36:05.138 [error] Failure during activation. [Error: Extension 'ms-python.python' CANNOT use API proposal: testObserver.
Its package.json#enabledApiProposals-property declares:  but NOT testObserver.
 The missing proposal MUST be added and you must start in extension development mode or use the following command line switch: --enable-proposed-api ms-python.python
	at N (file:///usr/lib/code/out/vs/workbench/api/node/extensionHostProcess.js:110:16858)
	at get testResults (file:///usr/lib/code/out/vs/workbench/api/node/extensionHostProcess.js:172:39426)
	at C.activate (/home/bartosh/.vscode-oss/extensions/ms-python.python-2025.2.0-universal/out/client/extension.js:2:908493)
	at /home/bartosh/.vscode-oss/extensions/ms-python.python-2025.2.0-universal/out/client/extension.js:2:2457
	at Array.map (<anonymous>)
	at v.activateWorkspace (/home/bartosh/.vscode-oss/extensions/ms-python.python-2025.2.0-universal/out/client/extension.js:2:2447)]
2025-03-12 15:36:05.138 [error] sendStartupTelemetry() failed. [Error: Extension 'ms-python.python' CANNOT use API proposal: testObserver.
Its package.json#enabledApiProposals-property declares:  but NOT testObserver.
 The missing proposal MUST be added and you must start in extension development mode or use the following command line switch: --enable-proposed-api ms-python.python
	at N (file:///usr/lib/code/out/vs/workbench/api/node/extensionHostProcess.js:110:16858)
	at get testResults (file:///usr/lib/code/out/vs/workbench/api/node/extensionHostProcess.js:172:39426)
	at C.activate (/home/bartosh/.vscode-oss/extensions/ms-python.python-2025.2.0-universal/out/client/extension.js:2:908493)
	at /home/bartosh/.vscode-oss/extensions/ms-python.python-2025.2.0-universal/out/client/extension.js:2:2457
	at Array.map (<anonymous>)
	at v.activateWorkspace (/home/bartosh/.vscode-oss/extensions/ms-python.python-2025.2.0-universal/out/client/extension.js:2:2447)]
2025-03-12 15:36:05.162 [info] > /bin/python -I ~/.vscode-oss/extensions/ms-python.python-2025.2.0-universal/python_files/get_output_via_markers.py ~/.vscode-oss/extensions/ms-python.python-2025.2.0-universal/python_files/interpreterInfo.py
2025-03-12 15:36:05.181 [info] Found: /sbin/python --> /sbin/python3.13
2025-03-12 15:36:05.181 [info] Found: /sbin/python3 --> /sbin/python3.13
2025-03-12 15:36:05.181 [info] Found: /sbin/python3.13 --> /sbin/python3.13
2025-03-12 15:36:05.191 [info] Found: /usr/bin/python --> /usr/bin/python3.13
2025-03-12 15:36:05.191 [info] Found: /usr/bin/python3 --> /usr/bin/python3.13
2025-03-12 15:36:05.191 [info] Found: /usr/bin/python3.13 --> /usr/bin/python3.13
2025-03-12 15:36:05.230 [info] Found: /usr/sbin/python --> /usr/sbin/python3.13
2025-03-12 15:36:05.230 [info] Found: /usr/sbin/python3 --> /usr/sbin/python3.13
2025-03-12 15:36:05.231 [info] Found: /usr/sbin/python3.13 --> /usr/sbin/python3.13
2025-03-12 15:36:05.247 [info] > /sbin/python -I ~/.vscode-oss/extensions/ms-python.python-2025.2.0-universal/python_files/get_output_via_markers.py ~/.vscode-oss/extensions/ms-python.python-2025.2.0-universal/python_files/interpreterInfo.py
2025-03-12 15:36:05.264 [info] Finished searching for interpreters in posix paths locator: 369 milliseconds
2025-03-12 15:36:05.264 [info] > /usr/bin/python -I ~/.vscode-oss/extensions/ms-python.python-2025.2.0-universal/python_files/get_output_via_markers.py ~/.vscode-oss/extensions/ms-python.python-2025.2.0-universal/python_files/interpreterInfo.py
2025-03-12 15:36:05.275 [info] Environments refresh paths discovered (event): 387 milliseconds
2025-03-12 15:36:05.275 [info] Environments refresh paths discovered: 387 milliseconds
2025-03-12 15:36:05.308 [info] > /usr/sbin/python -I ~/.vscode-oss/extensions/ms-python.python-2025.2.0-universal/python_files/get_output_via_markers.py ~/.vscode-oss/extensions/ms-python.python-2025.2.0-universal/python_files/interpreterInfo.py
2025-03-12 15:36:05.375 [info] Environments refresh finished (event): 487 milliseconds
2025-03-12 15:36:05.384 [info] Environment refresh took 497 milliseconds
2025-03-12 15:36:06.558 [info] Starting Jedi language server for programowanie.
