2025-03-18 13:48:49.792 [info] [main] Log level: Info
2025-03-18 13:48:49.792 [info] [main] Validating found git in: "git"
2025-03-18 13:48:49.792 [info] [main] Using git "2.48.1" from "git"
2025-03-18 13:48:49.792 [info] [Model][doInitialScan] Initial repository scan started
2025-03-18 13:48:49.792 [info] > git rev-parse --show-toplevel [7ms]
2025-03-18 13:48:49.792 [info] fatal: not a git repository (or any parent up to mount point /)
Stopping at filesystem boundary (GIT_DISCOVERY_ACROSS_FILESYSTEM not set).
2025-03-18 13:48:49.792 [info] > git rev-parse --show-toplevel [10ms]
2025-03-18 13:48:49.792 [info] fatal: not a git repository (or any parent up to mount point /)
Stopping at filesystem boundary (GIT_DISCOVERY_ACROSS_FILESYSTEM not set).
2025-03-18 13:48:49.792 [info] [Model][doInitialScan] Initial repository scan completed - repositories (0), closed repositories (0), parent repositories (0), unsafe repositories (0)
2025-03-18 13:48:50.135 [info] > git rev-parse --show-toplevel [1ms]
2025-03-18 13:48:50.135 [info] fatal: not a git repository (or any parent up to mount point /)
Stopping at filesystem boundary (GIT_DISCOVERY_ACROSS_FILESYSTEM not set).
2025-03-19 12:24:06.760 [info] > git rev-parse --show-toplevel [1ms]
2025-03-19 12:24:06.760 [info] fatal: not a git repository (or any parent up to mount point /)
Stopping at filesystem boundary (GIT_DISCOVERY_ACROSS_FILESYSTEM not set).
2025-03-19 12:24:25.725 [info] > git rev-parse --show-toplevel [1ms]
2025-03-19 12:24:25.725 [info] fatal: not a git repository (or any parent up to mount point /)
Stopping at filesystem boundary (GIT_DISCOVERY_ACROSS_FILESYSTEM not set).
2025-03-19 12:24:28.974 [info] > git rev-parse --show-toplevel [2ms]
2025-03-19 12:24:28.974 [info] fatal: not a git repository (or any parent up to mount point /)
Stopping at filesystem boundary (GIT_DISCOVERY_ACROSS_FILESYSTEM not set).
2025-03-19 12:24:33.631 [info] > git rev-parse --show-toplevel [2ms]
2025-03-19 12:24:33.631 [info] fatal: not a git repository (or any parent up to mount point /)
Stopping at filesystem boundary (GIT_DISCOVERY_ACROSS_FILESYSTEM not set).
