2025-03-12 15:36:03.033 [info] Started local extension host with pid 11922.
2025-03-12 15:36:03.322 [error] Extension 'ms-python.debugpy CANNOT USE these API proposals 'portsAttributes, debugVisualization, contribViewsWelcome'. You MUST start in extension development mode or use the --enable-proposed-api command line flag
2025-03-12 15:36:03.322 [error] Extension 'ms-python.python CANNOT USE these API proposals 'contribEditorContentMenu, quickPickSortByLabel, testObserver, quickPickItemTooltip, terminalDataWriteEvent, terminalExecuteCommandEvent, codeActionAI, notebookReplDocument, notebookVariableProvider'. You MUST start in extension development mode or use the --enable-proposed-api command line flag
2025-03-12 15:36:03.322 [error] Extension 'ms-toolsai.jupyter-renderers CANNOT USE these API proposals 'contribNotebookStaticPreloads'. You MUST start in extension development mode or use the --enable-proposed-api command line flag
2025-03-12 15:36:03.349 [error] [ms-python.python]: editor/content is a proposed menu identifier. It requires 'package.json#enabledApiProposals: ["contribEditorContentMenu"]' and is only available when running out of dev or with the following command line switch: --enable-proposed-api ms-python.python
2025-03-12 15:36:06.188 [error] An unknown error occurred. Please consult the log for more details.
2025-03-12 15:36:07.577 [error] Error while getting the latest version for the extension ms-python.debugpy. Cannot read properties of undefined (reading 'replace')
2025-03-12 15:36:07.578 [error] Error while getting the latest version for the extension ms-python.python. Cannot read properties of undefined (reading 'replace')
2025-03-12 15:36:07.578 [error] Error while getting the latest version for the extension ms-toolsai.jupyter. Cannot read properties of undefined (reading 'replace')
2025-03-12 15:36:07.578 [error] Error while getting the latest version for the extension ms-toolsai.jupyter-keymap. Cannot read properties of undefined (reading 'replace')
2025-03-12 15:36:07.579 [error] Error while getting the latest version for the extension ms-toolsai.jupyter-renderers. Cannot read properties of undefined (reading 'replace')
2025-03-12 15:36:07.579 [error] Error while getting the latest version for the extension ms-toolsai.vscode-jupyter-cell-tags. Cannot read properties of undefined (reading 'replace')
2025-03-12 15:36:07.579 [error] Error while getting the latest version for the extension ms-toolsai.vscode-jupyter-slideshow. Cannot read properties of undefined (reading 'replace')
2025-03-12 15:36:07.816 [info] [perf] Render performance baseline is 48ms
2025-03-12 15:40:12.478 [error] UnboundLocalError: cannot access local variable 'end_index' where it is not associated with a value: Error: UnboundLocalError: cannot access local variable 'end_index' where it is not associated with a value
	at ae (/home/bartosh/.vscode-oss/extensions/ms-python.python-2025.2.0-universal/out/client/extension.js:2:1974693)
	at oe (/home/bartosh/.vscode-oss/extensions/ms-python.python-2025.2.0-universal/out/client/extension.js:2:1972653)
	at Immediate.<anonymous> (/home/bartosh/.vscode-oss/extensions/ms-python.python-2025.2.0-universal/out/client/extension.js:2:1968947)
	at process.processImmediate (node:internal/timers:483:21)
2025-03-12 15:41:29.675 [error] UnboundLocalError: cannot access local variable 'end_index' where it is not associated with a value: Error: UnboundLocalError: cannot access local variable 'end_index' where it is not associated with a value
	at ae (/home/bartosh/.vscode-oss/extensions/ms-python.python-2025.2.0-universal/out/client/extension.js:2:1974693)
	at oe (/home/bartosh/.vscode-oss/extensions/ms-python.python-2025.2.0-universal/out/client/extension.js:2:1972653)
	at Immediate.<anonymous> (/home/bartosh/.vscode-oss/extensions/ms-python.python-2025.2.0-universal/out/client/extension.js:2:1968947)
	at process.processImmediate (node:internal/timers:483:21)
